2024-04-11 23:07:39,293:WARNING:
'cuml' is a soft dependency and not included in the pycaret installation. Please run: `pip install cuml` to install.
2024-04-11 23:07:39,293:WARNING:
'cuml' is a soft dependency and not included in the pycaret installation. Please run: `pip install cuml` to install.
2024-04-11 23:07:39,293:WARNING:
'cuml' is a soft dependency and not included in the pycaret installation. Please run: `pip install cuml` to install.
2024-04-11 23:07:39,293:WARNING:
'cuml' is a soft dependency and not included in the pycaret installation. Please run: `pip install cuml` to install.
2024-04-11 23:07:39,499:INFO:PyCaret RegressionExperiment
2024-04-11 23:07:39,499:INFO:Logging name: reg-default-name
2024-04-11 23:07:39,499:INFO:ML Usecase: MLUsecase.REGRESSION
2024-04-11 23:07:39,500:INFO:version 3.3.0
2024-04-11 23:07:39,500:INFO:Initializing setup()
2024-04-11 23:07:39,500:INFO:self.USI: d162
2024-04-11 23:07:39,500:INFO:self._variable_keys: {'logging_param', 'X_train', 'X', 'exp_id', 'X_test', 'fold_groups_param', 'log_plots_param', '_ml_usecase', 'n_jobs_param', 'gpu_param', 'USI', '_available_plots', 'target_param', 'pipeline', 'transform_target_param', 'seed', 'idx', 'gpu_n_jobs_param', 'y', 'data', 'fold_generator', 'memory', 'y_test', 'y_train', 'html_param', 'exp_name_log', 'fold_shuffle_param'}
2024-04-11 23:07:39,500:INFO:Checking environment
2024-04-11 23:07:39,500:INFO:python_version: 3.10.6
2024-04-11 23:07:39,500:INFO:python_build: ('tags/v3.10.6:9c7b4bd', 'Aug  1 2022 21:53:49')
2024-04-11 23:07:39,500:INFO:machine: AMD64
2024-04-11 23:07:39,500:INFO:platform: Windows-10-10.0.22631-SP0
2024-04-11 23:07:39,504:INFO:Memory: svmem(total=34268811264, available=16459386880, percent=52.0, used=17809424384, free=16459386880)
2024-04-11 23:07:39,504:INFO:Physical Core: 8
2024-04-11 23:07:39,504:INFO:Logical Core: 16
2024-04-11 23:07:39,504:INFO:Checking libraries
2024-04-11 23:07:39,504:INFO:System:
2024-04-11 23:07:39,504:INFO:    python: 3.10.6 (tags/v3.10.6:9c7b4bd, Aug  1 2022, 21:53:49) [MSC v.1932 64 bit (AMD64)]
2024-04-11 23:07:39,504:INFO:executable: c:\Users\Peter\AppData\Local\Programs\Python\Python310\python.exe
2024-04-11 23:07:39,504:INFO:   machine: Windows-10-10.0.22631-SP0
2024-04-11 23:07:39,504:INFO:PyCaret required dependencies:
2024-04-11 23:07:40,003:INFO:                 pip: 24.0
2024-04-11 23:07:40,003:INFO:          setuptools: 63.2.0
2024-04-11 23:07:40,003:INFO:             pycaret: 3.3.0
2024-04-11 23:07:40,003:INFO:             IPython: 8.6.0
2024-04-11 23:07:40,003:INFO:          ipywidgets: 8.1.2
2024-04-11 23:07:40,003:INFO:                tqdm: 4.66.2
2024-04-11 23:07:40,003:INFO:               numpy: 1.23.4
2024-04-11 23:07:40,003:INFO:              pandas: 2.1.4
2024-04-11 23:07:40,003:INFO:              jinja2: 3.1.3
2024-04-11 23:07:40,003:INFO:               scipy: 1.11.4
2024-04-11 23:07:40,003:INFO:              joblib: 1.3.2
2024-04-11 23:07:40,003:INFO:             sklearn: 1.4.1.post1
2024-04-11 23:07:40,003:INFO:                pyod: 1.1.3
2024-04-11 23:07:40,003:INFO:            imblearn: 0.12.2
2024-04-11 23:07:40,003:INFO:   category_encoders: 2.6.3
2024-04-11 23:07:40,003:INFO:            lightgbm: 4.3.0
2024-04-11 23:07:40,003:INFO:               numba: 0.59.1
2024-04-11 23:07:40,003:INFO:            requests: 2.31.0
2024-04-11 23:07:40,003:INFO:          matplotlib: 3.7.5
2024-04-11 23:07:40,003:INFO:          scikitplot: 0.3.7
2024-04-11 23:07:40,003:INFO:         yellowbrick: 1.5
2024-04-11 23:07:40,003:INFO:              plotly: 5.20.0
2024-04-11 23:07:40,003:INFO:    plotly-resampler: Not installed
2024-04-11 23:07:40,003:INFO:             kaleido: 0.2.1
2024-04-11 23:07:40,003:INFO:           schemdraw: 0.15
2024-04-11 23:07:40,003:INFO:         statsmodels: 0.14.1
2024-04-11 23:07:40,003:INFO:              sktime: 0.28.0
2024-04-11 23:07:40,003:INFO:               tbats: 1.1.3
2024-04-11 23:07:40,003:INFO:            pmdarima: 2.0.4
2024-04-11 23:07:40,003:INFO:              psutil: 5.9.4
2024-04-11 23:07:40,003:INFO:          markupsafe: 2.1.5
2024-04-11 23:07:40,003:INFO:             pickle5: Not installed
2024-04-11 23:07:40,003:INFO:         cloudpickle: 3.0.0
2024-04-11 23:07:40,003:INFO:         deprecation: 2.1.0
2024-04-11 23:07:40,003:INFO:              xxhash: 3.4.1
2024-04-11 23:07:40,003:INFO:           wurlitzer: Not installed
2024-04-11 23:07:40,003:INFO:PyCaret optional dependencies:
2024-04-11 23:07:41,864:INFO:                shap: 0.45.0
2024-04-11 23:07:41,864:INFO:           interpret: 0.6.0
2024-04-11 23:07:41,864:INFO:                umap: 0.5.6
2024-04-11 23:07:41,864:INFO:     ydata_profiling: 4.7.0
2024-04-11 23:07:41,864:INFO:  explainerdashboard: 0.4.7
2024-04-11 23:07:41,864:INFO:             autoviz: Not installed
2024-04-11 23:07:41,864:INFO:           fairlearn: 0.7.0
2024-04-11 23:07:41,864:INFO:          deepchecks: Not installed
2024-04-11 23:07:41,864:INFO:             xgboost: 2.0.3
2024-04-11 23:07:41,864:INFO:            catboost: 1.2.3
2024-04-11 23:07:41,864:INFO:              kmodes: 0.12.2
2024-04-11 23:07:41,864:INFO:             mlxtend: 0.23.1
2024-04-11 23:07:41,864:INFO:       statsforecast: 1.5.0
2024-04-11 23:07:41,864:INFO:        tune_sklearn: 0.5.0
2024-04-11 23:07:41,864:INFO:                 ray: 2.10.0
2024-04-11 23:07:41,864:INFO:            hyperopt: 0.2.7
2024-04-11 23:07:41,864:INFO:              optuna: 3.6.1
2024-04-11 23:07:41,864:INFO:               skopt: 0.10.1
2024-04-11 23:07:41,864:INFO:              mlflow: 2.11.3
2024-04-11 23:07:41,864:INFO:              gradio: 4.26.0
2024-04-11 23:07:41,864:INFO:             fastapi: 0.110.1
2024-04-11 23:07:41,864:INFO:             uvicorn: 0.29.0
2024-04-11 23:07:41,864:INFO:              m2cgen: 0.10.0
2024-04-11 23:07:41,864:INFO:           evidently: 0.4.16
2024-04-11 23:07:41,864:INFO:               fugue: 0.8.6
2024-04-11 23:07:41,864:INFO:           streamlit: Not installed
2024-04-11 23:07:41,864:INFO:             prophet: Not installed
2024-04-11 23:07:41,864:INFO:None
2024-04-11 23:07:41,865:INFO:Set up data.
2024-04-11 23:07:41,910:INFO:Set up folding strategy.
2024-04-11 23:07:41,911:INFO:Set up train/test split.
2024-04-11 23:07:42,041:INFO:Set up index.
2024-04-11 23:07:42,041:INFO:Assigning column types.
2024-04-11 23:07:42,071:INFO:Engine successfully changes for model 'lr' to 'sklearn'.
2024-04-11 23:07:42,071:INFO:Engine for model 'lasso' has not been set explicitly, hence returning None.
2024-04-11 23:07:42,074:INFO:Engine for model 'ridge' has not been set explicitly, hence returning None.
2024-04-11 23:07:42,077:INFO:Engine for model 'en' has not been set explicitly, hence returning None.
2024-04-11 23:07:42,138:INFO:Engine for model 'svm' has not been set explicitly, hence returning None.
2024-04-11 23:07:42,166:INFO:Engine for model 'knn' has not been set explicitly, hence returning None.
2024-04-11 23:07:42,166:INFO:Soft dependency imported: xgboost: 2.0.3
2024-04-11 23:07:42,168:INFO:Soft dependency imported: catboost: 1.2.3
2024-04-11 23:07:42,368:INFO:Engine for model 'lasso' has not been set explicitly, hence returning None.
2024-04-11 23:07:42,371:INFO:Engine for model 'ridge' has not been set explicitly, hence returning None.
2024-04-11 23:07:42,374:INFO:Engine for model 'en' has not been set explicitly, hence returning None.
2024-04-11 23:07:42,433:INFO:Engine for model 'svm' has not been set explicitly, hence returning None.
2024-04-11 23:07:42,462:INFO:Engine for model 'knn' has not been set explicitly, hence returning None.
2024-04-11 23:07:42,462:INFO:Soft dependency imported: xgboost: 2.0.3
2024-04-11 23:07:42,464:INFO:Soft dependency imported: catboost: 1.2.3
2024-04-11 23:07:42,464:INFO:Engine successfully changes for model 'lasso' to 'sklearn'.
2024-04-11 23:07:42,467:INFO:Engine for model 'ridge' has not been set explicitly, hence returning None.
2024-04-11 23:07:42,470:INFO:Engine for model 'en' has not been set explicitly, hence returning None.
2024-04-11 23:07:42,530:INFO:Engine for model 'svm' has not been set explicitly, hence returning None.
2024-04-11 23:07:42,558:INFO:Engine for model 'knn' has not been set explicitly, hence returning None.
2024-04-11 23:07:42,559:INFO:Soft dependency imported: xgboost: 2.0.3
2024-04-11 23:07:42,560:INFO:Soft dependency imported: catboost: 1.2.3
2024-04-11 23:07:42,564:INFO:Engine for model 'ridge' has not been set explicitly, hence returning None.
2024-04-11 23:07:42,567:INFO:Engine for model 'en' has not been set explicitly, hence returning None.
2024-04-11 23:07:42,626:INFO:Engine for model 'svm' has not been set explicitly, hence returning None.
2024-04-11 23:07:42,655:INFO:Engine for model 'knn' has not been set explicitly, hence returning None.
2024-04-11 23:07:42,655:INFO:Soft dependency imported: xgboost: 2.0.3
2024-04-11 23:07:42,657:INFO:Soft dependency imported: catboost: 1.2.3
2024-04-11 23:07:42,658:INFO:Engine successfully changes for model 'ridge' to 'sklearn'.
2024-04-11 23:07:42,664:INFO:Engine for model 'en' has not been set explicitly, hence returning None.
2024-04-11 23:07:42,724:INFO:Engine for model 'svm' has not been set explicitly, hence returning None.
2024-04-11 23:07:42,752:INFO:Engine for model 'knn' has not been set explicitly, hence returning None.
2024-04-11 23:07:42,753:INFO:Soft dependency imported: xgboost: 2.0.3
2024-04-11 23:07:42,755:INFO:Soft dependency imported: catboost: 1.2.3
2024-04-11 23:07:42,761:INFO:Engine for model 'en' has not been set explicitly, hence returning None.
2024-04-11 23:07:42,821:INFO:Engine for model 'svm' has not been set explicitly, hence returning None.
2024-04-11 23:07:42,850:INFO:Engine for model 'knn' has not been set explicitly, hence returning None.
2024-04-11 23:07:42,850:INFO:Soft dependency imported: xgboost: 2.0.3
2024-04-11 23:07:42,852:INFO:Soft dependency imported: catboost: 1.2.3
2024-04-11 23:07:42,852:INFO:Engine successfully changes for model 'en' to 'sklearn'.
2024-04-11 23:07:42,918:INFO:Engine for model 'svm' has not been set explicitly, hence returning None.
2024-04-11 23:07:42,947:INFO:Engine for model 'knn' has not been set explicitly, hence returning None.
2024-04-11 23:07:42,948:INFO:Soft dependency imported: xgboost: 2.0.3
2024-04-11 23:07:42,949:INFO:Soft dependency imported: catboost: 1.2.3
2024-04-11 23:07:43,124:INFO:Engine for model 'svm' has not been set explicitly, hence returning None.
2024-04-11 23:07:43,153:INFO:Engine for model 'knn' has not been set explicitly, hence returning None.
2024-04-11 23:07:43,153:INFO:Soft dependency imported: xgboost: 2.0.3
2024-04-11 23:07:43,155:INFO:Soft dependency imported: catboost: 1.2.3
2024-04-11 23:07:43,155:INFO:Engine successfully changes for model 'knn' to 'sklearn'.
2024-04-11 23:07:43,220:INFO:Engine for model 'svm' has not been set explicitly, hence returning None.
2024-04-11 23:07:43,250:INFO:Soft dependency imported: xgboost: 2.0.3
2024-04-11 23:07:43,251:INFO:Soft dependency imported: catboost: 1.2.3
2024-04-11 23:07:43,317:INFO:Engine for model 'svm' has not been set explicitly, hence returning None.
2024-04-11 23:07:43,346:INFO:Soft dependency imported: xgboost: 2.0.3
2024-04-11 23:07:43,348:INFO:Soft dependency imported: catboost: 1.2.3
2024-04-11 23:07:43,349:INFO:Engine successfully changes for model 'svm' to 'sklearn'.
2024-04-11 23:07:43,443:INFO:Soft dependency imported: xgboost: 2.0.3
2024-04-11 23:07:43,445:INFO:Soft dependency imported: catboost: 1.2.3
2024-04-11 23:07:43,541:INFO:Soft dependency imported: xgboost: 2.0.3
2024-04-11 23:07:43,543:INFO:Soft dependency imported: catboost: 1.2.3
2024-04-11 23:07:43,546:INFO:Preparing preprocessing pipeline...
2024-04-11 23:07:43,546:INFO:Set up simple imputation.
2024-04-11 23:07:43,551:INFO:Set up column name cleaning.
2024-04-11 23:07:43,661:INFO:Finished creating preprocessing pipeline.
2024-04-11 23:07:43,666:INFO:Pipeline: Pipeline(memory=FastMemory(location=C:\Users\Peter\AppData\Local\Temp\joblib),
         steps=[('numerical_imputer',
                 TransformerWrapper(include=['Onset.Delta', 'Symptom.Speech',
                                             'Symptom.WEAKNESS',
                                             'Symptom.OTHER',
                                             'Symptom.Swallowing',
                                             'Symptom.GAIT_CHANGES',
                                             'Symptom.Atrophy',
                                             'Symptom.Cramps',
                                             'Symptom.Fasciculations',
                                             'Symptom.SENSORY_CHANGES',
                                             'Symptom.Stiffness',...
                                             'Age', 'Sex.Female', 'Sex.Male',
                                             'Aunt', 'Aunt..Maternal.',
                                             'Cousin', 'Father',
                                             'Grandfather..Maternal.',
                                             'Grandmother',
                                             'Grandmother..Maternal.', 'Mother', ...],
                                    transformer=SimpleImputer())),
                ('categorical_imputer',
                 TransformerWrapper(include=[],
                                    transformer=SimpleImputer(strategy='most_frequent'))),
                ('clean_column_names',
                 TransformerWrapper(transformer=CleanColumnNames()))])
2024-04-11 23:07:43,666:INFO:Creating final display dataframe.
2024-04-11 23:07:44,073:INFO:Setup _display_container:                     Description             Value
0                    Session id              4490
1                        Target          response
2                   Target type        Regression
3           Original data shape       (1297, 370)
4        Transformed data shape       (1297, 370)
5   Transformed train set shape        (907, 370)
6    Transformed test set shape        (390, 370)
7              Numeric features               369
8                    Preprocess              True
9               Imputation type            simple
10           Numeric imputation              mean
11       Categorical imputation              mode
12               Fold Generator             KFold
13                  Fold Number                10
14                     CPU Jobs                -1
15                      Use GPU             False
16               Log Experiment             False
17              Experiment Name  reg-default-name
18                          USI              d162
2024-04-11 23:07:44,176:INFO:Soft dependency imported: xgboost: 2.0.3
2024-04-11 23:07:44,178:INFO:Soft dependency imported: catboost: 1.2.3
2024-04-11 23:07:44,273:INFO:Soft dependency imported: xgboost: 2.0.3
2024-04-11 23:07:44,274:INFO:Soft dependency imported: catboost: 1.2.3
2024-04-11 23:07:44,276:INFO:setup() successfully completed in 4.78s...............
2024-04-11 23:08:17,437:INFO:PyCaret RegressionExperiment
2024-04-11 23:08:17,437:INFO:Logging name: reg-default-name
2024-04-11 23:08:17,437:INFO:ML Usecase: MLUsecase.REGRESSION
2024-04-11 23:08:17,437:INFO:version 3.3.0
2024-04-11 23:08:17,437:INFO:Initializing setup()
2024-04-11 23:08:17,437:INFO:self.USI: 242b
2024-04-11 23:08:17,437:INFO:self._variable_keys: {'logging_param', 'X_train', 'X', 'exp_id', 'X_test', 'fold_groups_param', 'log_plots_param', '_ml_usecase', 'n_jobs_param', 'gpu_param', 'USI', '_available_plots', 'target_param', 'pipeline', 'transform_target_param', 'seed', 'idx', 'gpu_n_jobs_param', 'y', 'data', 'fold_generator', 'memory', 'y_test', 'y_train', 'html_param', 'exp_name_log', 'fold_shuffle_param'}
2024-04-11 23:08:17,437:INFO:Checking environment
2024-04-11 23:08:17,437:INFO:python_version: 3.10.6
2024-04-11 23:08:17,437:INFO:python_build: ('tags/v3.10.6:9c7b4bd', 'Aug  1 2022 21:53:49')
2024-04-11 23:08:17,437:INFO:machine: AMD64
2024-04-11 23:08:17,437:INFO:platform: Windows-10-10.0.22631-SP0
2024-04-11 23:08:17,443:INFO:Memory: svmem(total=34268811264, available=16353189888, percent=52.3, used=17915621376, free=16353189888)
2024-04-11 23:08:17,443:INFO:Physical Core: 8
2024-04-11 23:08:17,443:INFO:Logical Core: 16
2024-04-11 23:08:17,443:INFO:Checking libraries
2024-04-11 23:08:17,443:INFO:System:
2024-04-11 23:08:17,443:INFO:    python: 3.10.6 (tags/v3.10.6:9c7b4bd, Aug  1 2022, 21:53:49) [MSC v.1932 64 bit (AMD64)]
2024-04-11 23:08:17,443:INFO:executable: c:\Users\Peter\AppData\Local\Programs\Python\Python310\python.exe
2024-04-11 23:08:17,443:INFO:   machine: Windows-10-10.0.22631-SP0
2024-04-11 23:08:17,443:INFO:PyCaret required dependencies:
2024-04-11 23:08:17,443:INFO:                 pip: 24.0
2024-04-11 23:08:17,443:INFO:          setuptools: 63.2.0
2024-04-11 23:08:17,443:INFO:             pycaret: 3.3.0
2024-04-11 23:08:17,443:INFO:             IPython: 8.6.0
2024-04-11 23:08:17,443:INFO:          ipywidgets: 8.1.2
2024-04-11 23:08:17,443:INFO:                tqdm: 4.66.2
2024-04-11 23:08:17,444:INFO:               numpy: 1.23.4
2024-04-11 23:08:17,444:INFO:              pandas: 2.1.4
2024-04-11 23:08:17,444:INFO:              jinja2: 3.1.3
2024-04-11 23:08:17,444:INFO:               scipy: 1.11.4
2024-04-11 23:08:17,444:INFO:              joblib: 1.3.2
2024-04-11 23:08:17,444:INFO:             sklearn: 1.4.1.post1
2024-04-11 23:08:17,444:INFO:                pyod: 1.1.3
2024-04-11 23:08:17,444:INFO:            imblearn: 0.12.2
2024-04-11 23:08:17,444:INFO:   category_encoders: 2.6.3
2024-04-11 23:08:17,444:INFO:            lightgbm: 4.3.0
2024-04-11 23:08:17,444:INFO:               numba: 0.59.1
2024-04-11 23:08:17,444:INFO:            requests: 2.31.0
2024-04-11 23:08:17,444:INFO:          matplotlib: 3.7.5
2024-04-11 23:08:17,444:INFO:          scikitplot: 0.3.7
2024-04-11 23:08:17,444:INFO:         yellowbrick: 1.5
2024-04-11 23:08:17,444:INFO:              plotly: 5.20.0
2024-04-11 23:08:17,444:INFO:    plotly-resampler: Not installed
2024-04-11 23:08:17,444:INFO:             kaleido: 0.2.1
2024-04-11 23:08:17,444:INFO:           schemdraw: 0.15
2024-04-11 23:08:17,444:INFO:         statsmodels: 0.14.1
2024-04-11 23:08:17,444:INFO:              sktime: 0.28.0
2024-04-11 23:08:17,444:INFO:               tbats: 1.1.3
2024-04-11 23:08:17,444:INFO:            pmdarima: 2.0.4
2024-04-11 23:08:17,444:INFO:              psutil: 5.9.4
2024-04-11 23:08:17,444:INFO:          markupsafe: 2.1.5
2024-04-11 23:08:17,444:INFO:             pickle5: Not installed
2024-04-11 23:08:17,444:INFO:         cloudpickle: 3.0.0
2024-04-11 23:08:17,444:INFO:         deprecation: 2.1.0
2024-04-11 23:08:17,444:INFO:              xxhash: 3.4.1
2024-04-11 23:08:17,444:INFO:           wurlitzer: Not installed
2024-04-11 23:08:17,444:INFO:PyCaret optional dependencies:
2024-04-11 23:08:17,444:INFO:                shap: 0.45.0
2024-04-11 23:08:17,444:INFO:           interpret: 0.6.0
2024-04-11 23:08:17,444:INFO:                umap: 0.5.6
2024-04-11 23:08:17,444:INFO:     ydata_profiling: 4.7.0
2024-04-11 23:08:17,444:INFO:  explainerdashboard: 0.4.7
2024-04-11 23:08:17,444:INFO:             autoviz: Not installed
2024-04-11 23:08:17,444:INFO:           fairlearn: 0.7.0
2024-04-11 23:08:17,444:INFO:          deepchecks: Not installed
2024-04-11 23:08:17,444:INFO:             xgboost: 2.0.3
2024-04-11 23:08:17,444:INFO:            catboost: 1.2.3
2024-04-11 23:08:17,444:INFO:              kmodes: 0.12.2
2024-04-11 23:08:17,444:INFO:             mlxtend: 0.23.1
2024-04-11 23:08:17,444:INFO:       statsforecast: 1.5.0
2024-04-11 23:08:17,445:INFO:        tune_sklearn: 0.5.0
2024-04-11 23:08:17,445:INFO:                 ray: 2.10.0
2024-04-11 23:08:17,445:INFO:            hyperopt: 0.2.7
2024-04-11 23:08:17,445:INFO:              optuna: 3.6.1
2024-04-11 23:08:17,445:INFO:               skopt: 0.10.1
2024-04-11 23:08:17,445:INFO:              mlflow: 2.11.3
2024-04-11 23:08:17,445:INFO:              gradio: 4.26.0
2024-04-11 23:08:17,445:INFO:             fastapi: 0.110.1
2024-04-11 23:08:17,445:INFO:             uvicorn: 0.29.0
2024-04-11 23:08:17,445:INFO:              m2cgen: 0.10.0
2024-04-11 23:08:17,445:INFO:           evidently: 0.4.16
2024-04-11 23:08:17,445:INFO:               fugue: 0.8.6
2024-04-11 23:08:17,445:INFO:           streamlit: Not installed
2024-04-11 23:08:17,445:INFO:             prophet: Not installed
2024-04-11 23:08:17,445:INFO:None
2024-04-11 23:08:17,445:INFO:Set up data.
2024-04-11 23:08:17,490:INFO:Set up folding strategy.
2024-04-11 23:08:17,490:INFO:Set up train/test split.
2024-04-11 23:08:17,638:INFO:Set up index.
2024-04-11 23:08:17,639:INFO:Assigning column types.
2024-04-11 23:08:17,670:INFO:Engine successfully changes for model 'lr' to 'sklearn'.
2024-04-11 23:08:17,670:INFO:Engine for model 'lasso' has not been set explicitly, hence returning None.
2024-04-11 23:08:17,674:INFO:Engine for model 'ridge' has not been set explicitly, hence returning None.
2024-04-11 23:08:17,677:INFO:Engine for model 'en' has not been set explicitly, hence returning None.
2024-04-11 23:08:17,738:INFO:Engine for model 'svm' has not been set explicitly, hence returning None.
2024-04-11 23:08:17,768:INFO:Engine for model 'knn' has not been set explicitly, hence returning None.
2024-04-11 23:08:17,768:INFO:Soft dependency imported: xgboost: 2.0.3
2024-04-11 23:08:17,770:INFO:Soft dependency imported: catboost: 1.2.3
2024-04-11 23:08:17,770:INFO:Engine for model 'lasso' has not been set explicitly, hence returning None.
2024-04-11 23:08:17,773:INFO:Engine for model 'ridge' has not been set explicitly, hence returning None.
2024-04-11 23:08:17,776:INFO:Engine for model 'en' has not been set explicitly, hence returning None.
2024-04-11 23:08:17,837:INFO:Engine for model 'svm' has not been set explicitly, hence returning None.
2024-04-11 23:08:17,866:INFO:Engine for model 'knn' has not been set explicitly, hence returning None.
2024-04-11 23:08:17,866:INFO:Soft dependency imported: xgboost: 2.0.3
2024-04-11 23:08:17,868:INFO:Soft dependency imported: catboost: 1.2.3
2024-04-11 23:08:17,868:INFO:Engine successfully changes for model 'lasso' to 'sklearn'.
2024-04-11 23:08:17,871:INFO:Engine for model 'ridge' has not been set explicitly, hence returning None.
2024-04-11 23:08:17,875:INFO:Engine for model 'en' has not been set explicitly, hence returning None.
2024-04-11 23:08:17,944:INFO:Engine for model 'svm' has not been set explicitly, hence returning None.
2024-04-11 23:08:17,973:INFO:Engine for model 'knn' has not been set explicitly, hence returning None.
2024-04-11 23:08:17,973:INFO:Soft dependency imported: xgboost: 2.0.3
2024-04-11 23:08:17,975:INFO:Soft dependency imported: catboost: 1.2.3
2024-04-11 23:08:17,979:INFO:Engine for model 'ridge' has not been set explicitly, hence returning None.
2024-04-11 23:08:17,982:INFO:Engine for model 'en' has not been set explicitly, hence returning None.
2024-04-11 23:08:18,043:INFO:Engine for model 'svm' has not been set explicitly, hence returning None.
2024-04-11 23:08:18,074:INFO:Engine for model 'knn' has not been set explicitly, hence returning None.
2024-04-11 23:08:18,074:INFO:Soft dependency imported: xgboost: 2.0.3
2024-04-11 23:08:18,076:INFO:Soft dependency imported: catboost: 1.2.3
2024-04-11 23:08:18,077:INFO:Engine successfully changes for model 'ridge' to 'sklearn'.
2024-04-11 23:08:18,083:INFO:Engine for model 'en' has not been set explicitly, hence returning None.
2024-04-11 23:08:18,144:INFO:Engine for model 'svm' has not been set explicitly, hence returning None.
2024-04-11 23:08:18,173:INFO:Engine for model 'knn' has not been set explicitly, hence returning None.
2024-04-11 23:08:18,173:INFO:Soft dependency imported: xgboost: 2.0.3
2024-04-11 23:08:18,175:INFO:Soft dependency imported: catboost: 1.2.3
2024-04-11 23:08:18,181:INFO:Engine for model 'en' has not been set explicitly, hence returning None.
2024-04-11 23:08:18,241:INFO:Engine for model 'svm' has not been set explicitly, hence returning None.
2024-04-11 23:08:18,271:INFO:Engine for model 'knn' has not been set explicitly, hence returning None.
2024-04-11 23:08:18,271:INFO:Soft dependency imported: xgboost: 2.0.3
2024-04-11 23:08:18,273:INFO:Soft dependency imported: catboost: 1.2.3
2024-04-11 23:08:18,274:INFO:Engine successfully changes for model 'en' to 'sklearn'.
2024-04-11 23:08:18,341:INFO:Engine for model 'svm' has not been set explicitly, hence returning None.
2024-04-11 23:08:18,370:INFO:Engine for model 'knn' has not been set explicitly, hence returning None.
2024-04-11 23:08:18,370:INFO:Soft dependency imported: xgboost: 2.0.3
2024-04-11 23:08:18,372:INFO:Soft dependency imported: catboost: 1.2.3
2024-04-11 23:08:18,439:INFO:Engine for model 'svm' has not been set explicitly, hence returning None.
2024-04-11 23:08:18,468:INFO:Engine for model 'knn' has not been set explicitly, hence returning None.
2024-04-11 23:08:18,468:INFO:Soft dependency imported: xgboost: 2.0.3
2024-04-11 23:08:18,470:INFO:Soft dependency imported: catboost: 1.2.3
2024-04-11 23:08:18,470:INFO:Engine successfully changes for model 'knn' to 'sklearn'.
2024-04-11 23:08:18,538:INFO:Engine for model 'svm' has not been set explicitly, hence returning None.
2024-04-11 23:08:18,566:INFO:Soft dependency imported: xgboost: 2.0.3
2024-04-11 23:08:18,568:INFO:Soft dependency imported: catboost: 1.2.3
2024-04-11 23:08:18,634:INFO:Engine for model 'svm' has not been set explicitly, hence returning None.
2024-04-11 23:08:18,663:INFO:Soft dependency imported: xgboost: 2.0.3
2024-04-11 23:08:18,665:INFO:Soft dependency imported: catboost: 1.2.3
2024-04-11 23:08:18,665:INFO:Engine successfully changes for model 'svm' to 'sklearn'.
2024-04-11 23:08:18,760:INFO:Soft dependency imported: xgboost: 2.0.3
2024-04-11 23:08:18,763:INFO:Soft dependency imported: catboost: 1.2.3
2024-04-11 23:08:18,858:INFO:Soft dependency imported: xgboost: 2.0.3
2024-04-11 23:08:18,859:INFO:Soft dependency imported: catboost: 1.2.3
2024-04-11 23:08:18,860:INFO:Preparing preprocessing pipeline...
2024-04-11 23:08:18,860:INFO:Set up simple imputation.
2024-04-11 23:08:18,866:INFO:Set up column name cleaning.
2024-04-11 23:08:19,128:INFO:Finished creating preprocessing pipeline.
2024-04-11 23:08:19,133:INFO:Pipeline: Pipeline(memory=FastMemory(location=C:\Users\Peter\AppData\Local\Temp\joblib),
         steps=[('numerical_imputer',
                 TransformerWrapper(include=['Onset.Delta', 'Symptom.Speech',
                                             'Symptom.WEAKNESS',
                                             'Symptom.OTHER',
                                             'Symptom.Swallowing',
                                             'Symptom.GAIT_CHANGES',
                                             'Symptom.Atrophy',
                                             'Symptom.Cramps',
                                             'Symptom.Fasciculations',
                                             'Symptom.SENSORY_CHANGES',
                                             'Symptom.Stiffness',...
                                             'Age', 'Sex.Female', 'Sex.Male',
                                             'Aunt', 'Aunt..Maternal.',
                                             'Cousin', 'Father',
                                             'Grandfather..Maternal.',
                                             'Grandmother',
                                             'Grandmother..Maternal.', 'Mother', ...],
                                    transformer=SimpleImputer())),
                ('categorical_imputer',
                 TransformerWrapper(include=[],
                                    transformer=SimpleImputer(strategy='most_frequent'))),
                ('clean_column_names',
                 TransformerWrapper(transformer=CleanColumnNames()))])
2024-04-11 23:08:19,133:INFO:Creating final display dataframe.
2024-04-11 23:08:19,556:INFO:Setup _display_container:                     Description             Value
0                    Session id              1004
1                        Target          response
2                   Target type        Regression
3           Original data shape       (1622, 370)
4        Transformed data shape       (1622, 370)
5   Transformed train set shape       (1135, 370)
6    Transformed test set shape        (487, 370)
7              Numeric features               369
8                    Preprocess              True
9               Imputation type            simple
10           Numeric imputation              mean
11       Categorical imputation              mode
12               Fold Generator             KFold
13                  Fold Number                10
14                     CPU Jobs                -1
15                      Use GPU             False
16               Log Experiment             False
17              Experiment Name  reg-default-name
18                          USI              242b
2024-04-11 23:08:19,657:INFO:Soft dependency imported: xgboost: 2.0.3
2024-04-11 23:08:19,659:INFO:Soft dependency imported: catboost: 1.2.3
2024-04-11 23:08:19,755:INFO:Soft dependency imported: xgboost: 2.0.3
2024-04-11 23:08:19,756:INFO:Soft dependency imported: catboost: 1.2.3
2024-04-11 23:08:19,757:INFO:setup() successfully completed in 2.32s...............
2024-04-11 23:10:18,855:INFO:PyCaret RegressionExperiment
2024-04-11 23:10:18,856:INFO:Logging name: reg-default-name
2024-04-11 23:10:18,856:INFO:ML Usecase: MLUsecase.REGRESSION
2024-04-11 23:10:18,856:INFO:version 3.3.0
2024-04-11 23:10:18,856:INFO:Initializing setup()
2024-04-11 23:10:18,856:INFO:self.USI: 7dc3
2024-04-11 23:10:18,856:INFO:self._variable_keys: {'logging_param', 'X_train', 'X', 'exp_id', 'X_test', 'fold_groups_param', 'log_plots_param', '_ml_usecase', 'n_jobs_param', 'gpu_param', 'USI', '_available_plots', 'target_param', 'pipeline', 'transform_target_param', 'seed', 'idx', 'gpu_n_jobs_param', 'y', 'data', 'fold_generator', 'memory', 'y_test', 'y_train', 'html_param', 'exp_name_log', 'fold_shuffle_param'}
2024-04-11 23:10:18,856:INFO:Checking environment
2024-04-11 23:10:18,856:INFO:python_version: 3.10.6
2024-04-11 23:10:18,856:INFO:python_build: ('tags/v3.10.6:9c7b4bd', 'Aug  1 2022 21:53:49')
2024-04-11 23:10:18,856:INFO:machine: AMD64
2024-04-11 23:10:18,856:INFO:platform: Windows-10-10.0.22631-SP0
2024-04-11 23:10:18,861:INFO:Memory: svmem(total=34268811264, available=16283430912, percent=52.5, used=17985380352, free=16283430912)
2024-04-11 23:10:18,861:INFO:Physical Core: 8
2024-04-11 23:10:18,862:INFO:Logical Core: 16
2024-04-11 23:10:18,862:INFO:Checking libraries
2024-04-11 23:10:18,862:INFO:System:
2024-04-11 23:10:18,862:INFO:    python: 3.10.6 (tags/v3.10.6:9c7b4bd, Aug  1 2022, 21:53:49) [MSC v.1932 64 bit (AMD64)]
2024-04-11 23:10:18,862:INFO:executable: c:\Users\Peter\AppData\Local\Programs\Python\Python310\python.exe
2024-04-11 23:10:18,862:INFO:   machine: Windows-10-10.0.22631-SP0
2024-04-11 23:10:18,862:INFO:PyCaret required dependencies:
2024-04-11 23:10:18,862:INFO:                 pip: 24.0
2024-04-11 23:10:18,862:INFO:          setuptools: 63.2.0
2024-04-11 23:10:18,862:INFO:             pycaret: 3.3.0
2024-04-11 23:10:18,862:INFO:             IPython: 8.6.0
2024-04-11 23:10:18,862:INFO:          ipywidgets: 8.1.2
2024-04-11 23:10:18,862:INFO:                tqdm: 4.66.2
2024-04-11 23:10:18,862:INFO:               numpy: 1.23.4
2024-04-11 23:10:18,862:INFO:              pandas: 2.1.4
2024-04-11 23:10:18,862:INFO:              jinja2: 3.1.3
2024-04-11 23:10:18,862:INFO:               scipy: 1.11.4
2024-04-11 23:10:18,862:INFO:              joblib: 1.3.2
2024-04-11 23:10:18,862:INFO:             sklearn: 1.4.1.post1
2024-04-11 23:10:18,862:INFO:                pyod: 1.1.3
2024-04-11 23:10:18,862:INFO:            imblearn: 0.12.2
2024-04-11 23:10:18,862:INFO:   category_encoders: 2.6.3
2024-04-11 23:10:18,862:INFO:            lightgbm: 4.3.0
2024-04-11 23:10:18,862:INFO:               numba: 0.59.1
2024-04-11 23:10:18,862:INFO:            requests: 2.31.0
2024-04-11 23:10:18,862:INFO:          matplotlib: 3.7.5
2024-04-11 23:10:18,862:INFO:          scikitplot: 0.3.7
2024-04-11 23:10:18,862:INFO:         yellowbrick: 1.5
2024-04-11 23:10:18,862:INFO:              plotly: 5.20.0
2024-04-11 23:10:18,862:INFO:    plotly-resampler: Not installed
2024-04-11 23:10:18,862:INFO:             kaleido: 0.2.1
2024-04-11 23:10:18,862:INFO:           schemdraw: 0.15
2024-04-11 23:10:18,862:INFO:         statsmodels: 0.14.1
2024-04-11 23:10:18,862:INFO:              sktime: 0.28.0
2024-04-11 23:10:18,862:INFO:               tbats: 1.1.3
2024-04-11 23:10:18,863:INFO:            pmdarima: 2.0.4
2024-04-11 23:10:18,863:INFO:              psutil: 5.9.4
2024-04-11 23:10:18,863:INFO:          markupsafe: 2.1.5
2024-04-11 23:10:18,863:INFO:             pickle5: Not installed
2024-04-11 23:10:18,863:INFO:         cloudpickle: 3.0.0
2024-04-11 23:10:18,863:INFO:         deprecation: 2.1.0
2024-04-11 23:10:18,863:INFO:              xxhash: 3.4.1
2024-04-11 23:10:18,863:INFO:           wurlitzer: Not installed
2024-04-11 23:10:18,863:INFO:PyCaret optional dependencies:
2024-04-11 23:10:18,863:INFO:                shap: 0.45.0
2024-04-11 23:10:18,863:INFO:           interpret: 0.6.0
2024-04-11 23:10:18,863:INFO:                umap: 0.5.6
2024-04-11 23:10:18,863:INFO:     ydata_profiling: 4.7.0
2024-04-11 23:10:18,863:INFO:  explainerdashboard: 0.4.7
2024-04-11 23:10:18,863:INFO:             autoviz: Not installed
2024-04-11 23:10:18,863:INFO:           fairlearn: 0.7.0
2024-04-11 23:10:18,863:INFO:          deepchecks: Not installed
2024-04-11 23:10:18,863:INFO:             xgboost: 2.0.3
2024-04-11 23:10:18,863:INFO:            catboost: 1.2.3
2024-04-11 23:10:18,863:INFO:              kmodes: 0.12.2
2024-04-11 23:10:18,863:INFO:             mlxtend: 0.23.1
2024-04-11 23:10:18,863:INFO:       statsforecast: 1.5.0
2024-04-11 23:10:18,863:INFO:        tune_sklearn: 0.5.0
2024-04-11 23:10:18,863:INFO:                 ray: 2.10.0
2024-04-11 23:10:18,863:INFO:            hyperopt: 0.2.7
2024-04-11 23:10:18,863:INFO:              optuna: 3.6.1
2024-04-11 23:10:18,863:INFO:               skopt: 0.10.1
2024-04-11 23:10:18,863:INFO:              mlflow: 2.11.3
2024-04-11 23:10:18,863:INFO:              gradio: 4.26.0
2024-04-11 23:10:18,863:INFO:             fastapi: 0.110.1
2024-04-11 23:10:18,863:INFO:             uvicorn: 0.29.0
2024-04-11 23:10:18,863:INFO:              m2cgen: 0.10.0
2024-04-11 23:10:18,863:INFO:           evidently: 0.4.16
2024-04-11 23:10:18,863:INFO:               fugue: 0.8.6
2024-04-11 23:10:18,863:INFO:           streamlit: Not installed
2024-04-11 23:10:18,863:INFO:             prophet: Not installed
2024-04-11 23:10:18,863:INFO:None
2024-04-11 23:10:18,863:INFO:Set up data.
2024-04-11 23:10:18,909:INFO:Set up folding strategy.
2024-04-11 23:10:18,909:INFO:Set up train/test split.
2024-04-11 23:10:18,940:INFO:Set up index.
2024-04-11 23:10:18,942:INFO:Assigning column types.
2024-04-11 23:10:18,974:INFO:Engine successfully changes for model 'lr' to 'sklearn'.
2024-04-11 23:10:18,974:INFO:Engine for model 'lasso' has not been set explicitly, hence returning None.
2024-04-11 23:10:18,977:INFO:Engine for model 'ridge' has not been set explicitly, hence returning None.
2024-04-11 23:10:18,980:INFO:Engine for model 'en' has not been set explicitly, hence returning None.
2024-04-11 23:10:19,146:INFO:Engine for model 'svm' has not been set explicitly, hence returning None.
2024-04-11 23:10:19,175:INFO:Engine for model 'knn' has not been set explicitly, hence returning None.
2024-04-11 23:10:19,176:INFO:Soft dependency imported: xgboost: 2.0.3
2024-04-11 23:10:19,177:INFO:Soft dependency imported: catboost: 1.2.3
2024-04-11 23:10:19,178:INFO:Engine for model 'lasso' has not been set explicitly, hence returning None.
2024-04-11 23:10:19,181:INFO:Engine for model 'ridge' has not been set explicitly, hence returning None.
2024-04-11 23:10:19,183:INFO:Engine for model 'en' has not been set explicitly, hence returning None.
2024-04-11 23:10:19,244:INFO:Engine for model 'svm' has not been set explicitly, hence returning None.
2024-04-11 23:10:19,273:INFO:Engine for model 'knn' has not been set explicitly, hence returning None.
2024-04-11 23:10:19,273:INFO:Soft dependency imported: xgboost: 2.0.3
2024-04-11 23:10:19,275:INFO:Soft dependency imported: catboost: 1.2.3
2024-04-11 23:10:19,275:INFO:Engine successfully changes for model 'lasso' to 'sklearn'.
2024-04-11 23:10:19,278:INFO:Engine for model 'ridge' has not been set explicitly, hence returning None.
2024-04-11 23:10:19,281:INFO:Engine for model 'en' has not been set explicitly, hence returning None.
2024-04-11 23:10:19,345:INFO:Engine for model 'svm' has not been set explicitly, hence returning None.
2024-04-11 23:10:19,373:INFO:Engine for model 'knn' has not been set explicitly, hence returning None.
2024-04-11 23:10:19,374:INFO:Soft dependency imported: xgboost: 2.0.3
2024-04-11 23:10:19,376:INFO:Soft dependency imported: catboost: 1.2.3
2024-04-11 23:10:19,379:INFO:Engine for model 'ridge' has not been set explicitly, hence returning None.
2024-04-11 23:10:19,382:INFO:Engine for model 'en' has not been set explicitly, hence returning None.
2024-04-11 23:10:19,443:INFO:Engine for model 'svm' has not been set explicitly, hence returning None.
2024-04-11 23:10:19,472:INFO:Engine for model 'knn' has not been set explicitly, hence returning None.
2024-04-11 23:10:19,472:INFO:Soft dependency imported: xgboost: 2.0.3
2024-04-11 23:10:19,474:INFO:Soft dependency imported: catboost: 1.2.3
2024-04-11 23:10:19,474:INFO:Engine successfully changes for model 'ridge' to 'sklearn'.
2024-04-11 23:10:19,480:INFO:Engine for model 'en' has not been set explicitly, hence returning None.
2024-04-11 23:10:19,540:INFO:Engine for model 'svm' has not been set explicitly, hence returning None.
2024-04-11 23:10:19,569:INFO:Engine for model 'knn' has not been set explicitly, hence returning None.
2024-04-11 23:10:19,570:INFO:Soft dependency imported: xgboost: 2.0.3
2024-04-11 23:10:19,571:INFO:Soft dependency imported: catboost: 1.2.3
2024-04-11 23:10:19,578:INFO:Engine for model 'en' has not been set explicitly, hence returning None.
2024-04-11 23:10:19,639:INFO:Engine for model 'svm' has not been set explicitly, hence returning None.
2024-04-11 23:10:19,666:INFO:Engine for model 'knn' has not been set explicitly, hence returning None.
2024-04-11 23:10:19,667:INFO:Soft dependency imported: xgboost: 2.0.3
2024-04-11 23:10:19,669:INFO:Soft dependency imported: catboost: 1.2.3
2024-04-11 23:10:19,669:INFO:Engine successfully changes for model 'en' to 'sklearn'.
2024-04-11 23:10:19,736:INFO:Engine for model 'svm' has not been set explicitly, hence returning None.
2024-04-11 23:10:19,765:INFO:Engine for model 'knn' has not been set explicitly, hence returning None.
2024-04-11 23:10:19,766:INFO:Soft dependency imported: xgboost: 2.0.3
2024-04-11 23:10:19,768:INFO:Soft dependency imported: catboost: 1.2.3
2024-04-11 23:10:19,835:INFO:Engine for model 'svm' has not been set explicitly, hence returning None.
2024-04-11 23:10:19,864:INFO:Engine for model 'knn' has not been set explicitly, hence returning None.
2024-04-11 23:10:19,865:INFO:Soft dependency imported: xgboost: 2.0.3
2024-04-11 23:10:19,866:INFO:Soft dependency imported: catboost: 1.2.3
2024-04-11 23:10:19,867:INFO:Engine successfully changes for model 'knn' to 'sklearn'.
2024-04-11 23:10:19,935:INFO:Engine for model 'svm' has not been set explicitly, hence returning None.
2024-04-11 23:10:19,963:INFO:Soft dependency imported: xgboost: 2.0.3
2024-04-11 23:10:19,965:INFO:Soft dependency imported: catboost: 1.2.3
2024-04-11 23:10:20,033:INFO:Engine for model 'svm' has not been set explicitly, hence returning None.
2024-04-11 23:10:20,062:INFO:Soft dependency imported: xgboost: 2.0.3
2024-04-11 23:10:20,064:INFO:Soft dependency imported: catboost: 1.2.3
2024-04-11 23:10:20,064:INFO:Engine successfully changes for model 'svm' to 'sklearn'.
2024-04-11 23:10:20,160:INFO:Soft dependency imported: xgboost: 2.0.3
2024-04-11 23:10:20,162:INFO:Soft dependency imported: catboost: 1.2.3
2024-04-11 23:10:20,257:INFO:Soft dependency imported: xgboost: 2.0.3
2024-04-11 23:10:20,259:INFO:Soft dependency imported: catboost: 1.2.3
2024-04-11 23:10:20,260:INFO:Preparing preprocessing pipeline...
2024-04-11 23:10:20,260:INFO:Set up simple imputation.
2024-04-11 23:10:20,264:INFO:Set up column name cleaning.
2024-04-11 23:10:20,380:INFO:Finished creating preprocessing pipeline.
2024-04-11 23:10:20,385:INFO:Pipeline: Pipeline(memory=FastMemory(location=C:\Users\Peter\AppData\Local\Temp\joblib),
         steps=[('numerical_imputer',
                 TransformerWrapper(include=['Onset.Delta', 'Symptom.Speech',
                                             'Symptom.WEAKNESS',
                                             'Symptom.OTHER',
                                             'Symptom.Swallowing',
                                             'Symptom.GAIT_CHANGES',
                                             'Symptom.Atrophy',
                                             'Symptom.Cramps',
                                             'Symptom.Fasciculations',
                                             'Symptom.SENSORY_CHANGES',
                                             'Symptom.Stiffness',...
                                             'Age', 'Sex.Female', 'Sex.Male',
                                             'Aunt', 'Aunt..Maternal.',
                                             'Cousin', 'Father',
                                             'Grandfather..Maternal.',
                                             'Grandmother',
                                             'Grandmother..Maternal.', 'Mother', ...],
                                    transformer=SimpleImputer())),
                ('categorical_imputer',
                 TransformerWrapper(include=[],
                                    transformer=SimpleImputer(strategy='most_frequent'))),
                ('clean_column_names',
                 TransformerWrapper(transformer=CleanColumnNames()))])
2024-04-11 23:10:20,385:INFO:Creating final display dataframe.
2024-04-11 23:10:20,820:INFO:Setup _display_container:                     Description             Value
0                    Session id               269
1                        Target          response
2                   Target type        Regression
3           Original data shape       (1622, 370)
4        Transformed data shape       (1622, 370)
5   Transformed train set shape       (1297, 370)
6    Transformed test set shape        (325, 370)
7              Numeric features               369
8                    Preprocess              True
9               Imputation type            simple
10           Numeric imputation              mean
11       Categorical imputation              mode
12               Fold Generator             KFold
13                  Fold Number                10
14                     CPU Jobs                -1
15                      Use GPU             False
16               Log Experiment             False
17              Experiment Name  reg-default-name
18                          USI              7dc3
2024-04-11 23:10:20,922:INFO:Soft dependency imported: xgboost: 2.0.3
2024-04-11 23:10:20,924:INFO:Soft dependency imported: catboost: 1.2.3
2024-04-11 23:10:21,020:INFO:Soft dependency imported: xgboost: 2.0.3
2024-04-11 23:10:21,022:INFO:Soft dependency imported: catboost: 1.2.3
2024-04-11 23:10:21,023:INFO:setup() successfully completed in 2.17s...............
2024-04-11 23:11:17,741:INFO:Initializing compare_models()
2024-04-11 23:11:17,741:INFO:compare_models(self=<pycaret.regression.oop.RegressionExperiment object at 0x0000026A80331CC0>, include=None, fold=None, round=4, cross_validation=True, sort=R2, n_select=1, budget_time=None, turbo=True, errors=ignore, fit_kwargs=None, groups=None, experiment_custom_tags=None, probability_threshold=None, verbose=True, parallel=None, caller_params={'self': <pycaret.regression.oop.RegressionExperiment object at 0x0000026A80331CC0>, 'include': None, 'exclude': None, 'fold': None, 'round': 4, 'cross_validation': True, 'sort': 'R2', 'n_select': 1, 'budget_time': None, 'turbo': True, 'errors': 'ignore', 'fit_kwargs': None, 'groups': None, 'experiment_custom_tags': None, 'engine': None, 'verbose': True, 'parallel': None, '__class__': <class 'pycaret.regression.oop.RegressionExperiment'>}, exclude=None)
2024-04-11 23:11:17,741:INFO:Checking exceptions
2024-04-11 23:11:17,756:INFO:Preparing display monitor
2024-04-11 23:11:17,778:INFO:Initializing Linear Regression
2024-04-11 23:11:17,778:INFO:Total runtime is 0.0 minutes
2024-04-11 23:11:17,780:INFO:SubProcess create_model() called ==================================
2024-04-11 23:11:17,780:INFO:Initializing create_model()
2024-04-11 23:11:17,780:INFO:create_model(self=<pycaret.regression.oop.RegressionExperiment object at 0x0000026A80331CC0>, estimator=lr, fold=KFold(n_splits=10, random_state=None, shuffle=False), round=4, cross_validation=True, predict=True, fit_kwargs={}, groups=None, refit=False, probability_threshold=None, experiment_custom_tags=None, verbose=False, system=False, add_to_model_list=True, metrics=None, display=<pycaret.internal.display.display.CommonDisplay object at 0x0000026AFE338D60>, model_only=True, return_train_score=False, error_score=0.0, kwargs={})
2024-04-11 23:11:17,780:INFO:Checking exceptions
2024-04-11 23:11:17,780:INFO:Importing libraries
2024-04-11 23:11:17,781:INFO:Copying training dataset
2024-04-11 23:11:17,952:INFO:Defining folds
2024-04-11 23:11:17,952:INFO:Declaring metric variables
2024-04-11 23:11:17,954:INFO:Importing untrained model
2024-04-11 23:11:17,956:INFO:Linear Regression Imported successfully
2024-04-11 23:11:17,959:INFO:Starting cross validation
2024-04-11 23:11:17,965:INFO:Cross validating with KFold(n_splits=10, random_state=None, shuffle=False), n_jobs=-1
2024-04-11 23:11:22,023:INFO:Calculating mean and std
2024-04-11 23:11:22,027:INFO:Creating metrics dataframe
2024-04-11 23:11:22,029:INFO:Uploading results into container
2024-04-11 23:11:22,030:INFO:Uploading model into container now
2024-04-11 23:11:22,030:INFO:_master_model_container: 1
2024-04-11 23:11:22,030:INFO:_display_container: 2
2024-04-11 23:11:22,031:INFO:LinearRegression(n_jobs=-1)
2024-04-11 23:11:22,031:INFO:create_model() successfully completed......................................
2024-04-11 23:11:22,201:INFO:SubProcess create_model() end ==================================
2024-04-11 23:11:22,201:INFO:Creating metrics dataframe
2024-04-11 23:11:22,207:INFO:Initializing Lasso Regression
2024-04-11 23:11:22,207:INFO:Total runtime is 0.0738282601038615 minutes
2024-04-11 23:11:22,209:INFO:SubProcess create_model() called ==================================
2024-04-11 23:11:22,209:INFO:Initializing create_model()
2024-04-11 23:11:22,209:INFO:create_model(self=<pycaret.regression.oop.RegressionExperiment object at 0x0000026A80331CC0>, estimator=lasso, fold=KFold(n_splits=10, random_state=None, shuffle=False), round=4, cross_validation=True, predict=True, fit_kwargs={}, groups=None, refit=False, probability_threshold=None, experiment_custom_tags=None, verbose=False, system=False, add_to_model_list=True, metrics=None, display=<pycaret.internal.display.display.CommonDisplay object at 0x0000026AFE338D60>, model_only=True, return_train_score=False, error_score=0.0, kwargs={})
2024-04-11 23:11:22,210:INFO:Checking exceptions
2024-04-11 23:11:22,210:INFO:Importing libraries
2024-04-11 23:11:22,210:INFO:Copying training dataset
2024-04-11 23:11:22,248:INFO:Defining folds
2024-04-11 23:11:22,249:INFO:Declaring metric variables
2024-04-11 23:11:22,251:INFO:Importing untrained model
2024-04-11 23:11:22,253:INFO:Lasso Regression Imported successfully
2024-04-11 23:11:22,256:INFO:Starting cross validation
2024-04-11 23:11:22,258:INFO:Cross validating with KFold(n_splits=10, random_state=None, shuffle=False), n_jobs=-1
2024-04-11 23:11:25,449:INFO:Calculating mean and std
2024-04-11 23:11:25,451:INFO:Creating metrics dataframe
2024-04-11 23:11:25,452:INFO:Uploading results into container
2024-04-11 23:11:25,453:INFO:Uploading model into container now
2024-04-11 23:11:25,453:INFO:_master_model_container: 2
2024-04-11 23:11:25,453:INFO:_display_container: 2
2024-04-11 23:11:25,454:INFO:Lasso(random_state=269)
2024-04-11 23:11:25,454:INFO:create_model() successfully completed......................................
2024-04-11 23:11:25,579:INFO:SubProcess create_model() end ==================================
2024-04-11 23:11:25,579:INFO:Creating metrics dataframe
2024-04-11 23:11:25,583:INFO:Initializing Ridge Regression
2024-04-11 23:11:25,583:INFO:Total runtime is 0.13009127378463745 minutes
2024-04-11 23:11:25,585:INFO:SubProcess create_model() called ==================================
2024-04-11 23:11:25,585:INFO:Initializing create_model()
2024-04-11 23:11:25,585:INFO:create_model(self=<pycaret.regression.oop.RegressionExperiment object at 0x0000026A80331CC0>, estimator=ridge, fold=KFold(n_splits=10, random_state=None, shuffle=False), round=4, cross_validation=True, predict=True, fit_kwargs={}, groups=None, refit=False, probability_threshold=None, experiment_custom_tags=None, verbose=False, system=False, add_to_model_list=True, metrics=None, display=<pycaret.internal.display.display.CommonDisplay object at 0x0000026AFE338D60>, model_only=True, return_train_score=False, error_score=0.0, kwargs={})
2024-04-11 23:11:25,585:INFO:Checking exceptions
2024-04-11 23:11:25,585:INFO:Importing libraries
2024-04-11 23:11:25,585:INFO:Copying training dataset
2024-04-11 23:11:25,623:INFO:Defining folds
2024-04-11 23:11:25,623:INFO:Declaring metric variables
2024-04-11 23:11:25,625:INFO:Importing untrained model
2024-04-11 23:11:25,627:INFO:Ridge Regression Imported successfully
2024-04-11 23:11:25,630:INFO:Starting cross validation
2024-04-11 23:11:25,631:INFO:Cross validating with KFold(n_splits=10, random_state=None, shuffle=False), n_jobs=-1
2024-04-11 23:11:25,719:WARNING:c:\Users\Peter\AppData\Local\Programs\Python\Python310\lib\site-packages\sklearn\linear_model\_ridge.py:204: LinAlgWarning: Ill-conditioned matrix (rcond=1.75829e-11): result may not be accurate.
  return linalg.solve(A, Xy, assume_a="pos", overwrite_a=True).T

2024-04-11 23:11:25,723:WARNING:c:\Users\Peter\AppData\Local\Programs\Python\Python310\lib\site-packages\sklearn\linear_model\_ridge.py:204: LinAlgWarning: Ill-conditioned matrix (rcond=1.09557e-11): result may not be accurate.
  return linalg.solve(A, Xy, assume_a="pos", overwrite_a=True).T

2024-04-11 23:11:25,731:WARNING:c:\Users\Peter\AppData\Local\Programs\Python\Python310\lib\site-packages\sklearn\linear_model\_ridge.py:204: LinAlgWarning: Ill-conditioned matrix (rcond=1.08249e-11): result may not be accurate.
  return linalg.solve(A, Xy, assume_a="pos", overwrite_a=True).T

2024-04-11 23:11:25,748:WARNING:c:\Users\Peter\AppData\Local\Programs\Python\Python310\lib\site-packages\sklearn\linear_model\_ridge.py:204: LinAlgWarning: Ill-conditioned matrix (rcond=1.72855e-11): result may not be accurate.
  return linalg.solve(A, Xy, assume_a="pos", overwrite_a=True).T

2024-04-11 23:11:25,767:WARNING:c:\Users\Peter\AppData\Local\Programs\Python\Python310\lib\site-packages\sklearn\linear_model\_ridge.py:204: LinAlgWarning: Ill-conditioned matrix (rcond=1.66958e-11): result may not be accurate.
  return linalg.solve(A, Xy, assume_a="pos", overwrite_a=True).T

2024-04-11 23:11:25,787:WARNING:c:\Users\Peter\AppData\Local\Programs\Python\Python310\lib\site-packages\sklearn\linear_model\_ridge.py:204: LinAlgWarning: Ill-conditioned matrix (rcond=2.03644e-11): result may not be accurate.
  return linalg.solve(A, Xy, assume_a="pos", overwrite_a=True).T

2024-04-11 23:11:25,801:WARNING:c:\Users\Peter\AppData\Local\Programs\Python\Python310\lib\site-packages\sklearn\linear_model\_ridge.py:204: LinAlgWarning: Ill-conditioned matrix (rcond=1.17609e-11): result may not be accurate.
  return linalg.solve(A, Xy, assume_a="pos", overwrite_a=True).T

2024-04-11 23:11:25,815:WARNING:c:\Users\Peter\AppData\Local\Programs\Python\Python310\lib\site-packages\sklearn\linear_model\_ridge.py:204: LinAlgWarning: Ill-conditioned matrix (rcond=1.41823e-11): result may not be accurate.
  return linalg.solve(A, Xy, assume_a="pos", overwrite_a=True).T

2024-04-11 23:11:25,822:WARNING:c:\Users\Peter\AppData\Local\Programs\Python\Python310\lib\site-packages\sklearn\linear_model\_ridge.py:204: LinAlgWarning: Ill-conditioned matrix (rcond=1.13067e-11): result may not be accurate.
  return linalg.solve(A, Xy, assume_a="pos", overwrite_a=True).T

2024-04-11 23:11:25,836:WARNING:c:\Users\Peter\AppData\Local\Programs\Python\Python310\lib\site-packages\sklearn\linear_model\_ridge.py:204: LinAlgWarning: Ill-conditioned matrix (rcond=1.70835e-11): result may not be accurate.
  return linalg.solve(A, Xy, assume_a="pos", overwrite_a=True).T

2024-04-11 23:11:25,856:INFO:Calculating mean and std
2024-04-11 23:11:25,858:INFO:Creating metrics dataframe
2024-04-11 23:11:25,860:INFO:Uploading results into container
2024-04-11 23:11:25,860:INFO:Uploading model into container now
2024-04-11 23:11:25,860:INFO:_master_model_container: 3
2024-04-11 23:11:25,860:INFO:_display_container: 2
2024-04-11 23:11:25,861:INFO:Ridge(random_state=269)
2024-04-11 23:11:25,861:INFO:create_model() successfully completed......................................
2024-04-11 23:11:25,972:INFO:SubProcess create_model() end ==================================
2024-04-11 23:11:25,972:INFO:Creating metrics dataframe
2024-04-11 23:11:25,977:INFO:Initializing Elastic Net
2024-04-11 23:11:25,977:INFO:Total runtime is 0.1366627057393392 minutes
2024-04-11 23:11:25,979:INFO:SubProcess create_model() called ==================================
2024-04-11 23:11:25,979:INFO:Initializing create_model()
2024-04-11 23:11:25,979:INFO:create_model(self=<pycaret.regression.oop.RegressionExperiment object at 0x0000026A80331CC0>, estimator=en, fold=KFold(n_splits=10, random_state=None, shuffle=False), round=4, cross_validation=True, predict=True, fit_kwargs={}, groups=None, refit=False, probability_threshold=None, experiment_custom_tags=None, verbose=False, system=False, add_to_model_list=True, metrics=None, display=<pycaret.internal.display.display.CommonDisplay object at 0x0000026AFE338D60>, model_only=True, return_train_score=False, error_score=0.0, kwargs={})
2024-04-11 23:11:25,979:INFO:Checking exceptions
2024-04-11 23:11:25,979:INFO:Importing libraries
2024-04-11 23:11:25,979:INFO:Copying training dataset
2024-04-11 23:11:26,016:INFO:Defining folds
2024-04-11 23:11:26,016:INFO:Declaring metric variables
2024-04-11 23:11:26,018:INFO:Importing untrained model
2024-04-11 23:11:26,021:INFO:Elastic Net Imported successfully
2024-04-11 23:11:26,024:INFO:Starting cross validation
2024-04-11 23:11:26,025:INFO:Cross validating with KFold(n_splits=10, random_state=None, shuffle=False), n_jobs=-1
2024-04-11 23:11:26,232:INFO:Calculating mean and std
2024-04-11 23:11:26,233:INFO:Creating metrics dataframe
2024-04-11 23:11:26,234:INFO:Uploading results into container
2024-04-11 23:11:26,234:INFO:Uploading model into container now
2024-04-11 23:11:26,235:INFO:_master_model_container: 4
2024-04-11 23:11:26,235:INFO:_display_container: 2
2024-04-11 23:11:26,235:INFO:ElasticNet(random_state=269)
2024-04-11 23:11:26,235:INFO:create_model() successfully completed......................................
2024-04-11 23:11:26,350:INFO:SubProcess create_model() end ==================================
2024-04-11 23:11:26,350:INFO:Creating metrics dataframe
2024-04-11 23:11:26,355:INFO:Initializing Least Angle Regression
2024-04-11 23:11:26,355:INFO:Total runtime is 0.1429478367169698 minutes
2024-04-11 23:11:26,357:INFO:SubProcess create_model() called ==================================
2024-04-11 23:11:26,357:INFO:Initializing create_model()
2024-04-11 23:11:26,358:INFO:create_model(self=<pycaret.regression.oop.RegressionExperiment object at 0x0000026A80331CC0>, estimator=lar, fold=KFold(n_splits=10, random_state=None, shuffle=False), round=4, cross_validation=True, predict=True, fit_kwargs={}, groups=None, refit=False, probability_threshold=None, experiment_custom_tags=None, verbose=False, system=False, add_to_model_list=True, metrics=None, display=<pycaret.internal.display.display.CommonDisplay object at 0x0000026AFE338D60>, model_only=True, return_train_score=False, error_score=0.0, kwargs={})
2024-04-11 23:11:26,358:INFO:Checking exceptions
2024-04-11 23:11:26,358:INFO:Importing libraries
2024-04-11 23:11:26,358:INFO:Copying training dataset
2024-04-11 23:11:26,399:INFO:Defining folds
2024-04-11 23:11:26,399:INFO:Declaring metric variables
2024-04-11 23:11:26,401:INFO:Importing untrained model
2024-04-11 23:11:26,404:INFO:Least Angle Regression Imported successfully
2024-04-11 23:11:26,408:INFO:Starting cross validation
2024-04-11 23:11:26,409:INFO:Cross validating with KFold(n_splits=10, random_state=None, shuffle=False), n_jobs=-1
2024-04-11 23:11:26,797:INFO:Calculating mean and std
2024-04-11 23:11:26,798:INFO:Creating metrics dataframe
2024-04-11 23:11:26,800:INFO:Uploading results into container
2024-04-11 23:11:26,800:INFO:Uploading model into container now
2024-04-11 23:11:26,800:INFO:_master_model_container: 5
2024-04-11 23:11:26,800:INFO:_display_container: 2
2024-04-11 23:11:26,800:INFO:Lars(random_state=269)
2024-04-11 23:11:26,801:INFO:create_model() successfully completed......................................
2024-04-11 23:11:26,916:INFO:SubProcess create_model() end ==================================
2024-04-11 23:11:26,916:INFO:Creating metrics dataframe
2024-04-11 23:11:26,921:INFO:Initializing Lasso Least Angle Regression
2024-04-11 23:11:26,921:INFO:Total runtime is 0.1523948033650716 minutes
2024-04-11 23:11:26,923:INFO:SubProcess create_model() called ==================================
2024-04-11 23:11:26,923:INFO:Initializing create_model()
2024-04-11 23:11:26,924:INFO:create_model(self=<pycaret.regression.oop.RegressionExperiment object at 0x0000026A80331CC0>, estimator=llar, fold=KFold(n_splits=10, random_state=None, shuffle=False), round=4, cross_validation=True, predict=True, fit_kwargs={}, groups=None, refit=False, probability_threshold=None, experiment_custom_tags=None, verbose=False, system=False, add_to_model_list=True, metrics=None, display=<pycaret.internal.display.display.CommonDisplay object at 0x0000026AFE338D60>, model_only=True, return_train_score=False, error_score=0.0, kwargs={})
2024-04-11 23:11:26,924:INFO:Checking exceptions
2024-04-11 23:11:26,924:INFO:Importing libraries
2024-04-11 23:11:26,924:INFO:Copying training dataset
2024-04-11 23:11:26,961:INFO:Defining folds
2024-04-11 23:11:26,961:INFO:Declaring metric variables
2024-04-11 23:11:26,963:INFO:Importing untrained model
2024-04-11 23:11:26,965:INFO:Lasso Least Angle Regression Imported successfully
2024-04-11 23:11:26,969:INFO:Starting cross validation
2024-04-11 23:11:26,970:INFO:Cross validating with KFold(n_splits=10, random_state=None, shuffle=False), n_jobs=-1
2024-04-11 23:11:27,158:INFO:Calculating mean and std
2024-04-11 23:11:27,160:INFO:Creating metrics dataframe
2024-04-11 23:11:27,161:INFO:Uploading results into container
2024-04-11 23:11:27,161:INFO:Uploading model into container now
2024-04-11 23:11:27,161:INFO:_master_model_container: 6
2024-04-11 23:11:27,162:INFO:_display_container: 2
2024-04-11 23:11:27,162:INFO:LassoLars(random_state=269)
2024-04-11 23:11:27,162:INFO:create_model() successfully completed......................................
2024-04-11 23:11:27,267:INFO:SubProcess create_model() end ==================================
2024-04-11 23:11:27,267:INFO:Creating metrics dataframe
2024-04-11 23:11:27,272:INFO:Initializing Orthogonal Matching Pursuit
2024-04-11 23:11:27,272:INFO:Total runtime is 0.15823354323705036 minutes
2024-04-11 23:11:27,273:INFO:SubProcess create_model() called ==================================
2024-04-11 23:11:27,273:INFO:Initializing create_model()
2024-04-11 23:11:27,274:INFO:create_model(self=<pycaret.regression.oop.RegressionExperiment object at 0x0000026A80331CC0>, estimator=omp, fold=KFold(n_splits=10, random_state=None, shuffle=False), round=4, cross_validation=True, predict=True, fit_kwargs={}, groups=None, refit=False, probability_threshold=None, experiment_custom_tags=None, verbose=False, system=False, add_to_model_list=True, metrics=None, display=<pycaret.internal.display.display.CommonDisplay object at 0x0000026AFE338D60>, model_only=True, return_train_score=False, error_score=0.0, kwargs={})
2024-04-11 23:11:27,286:INFO:Checking exceptions
2024-04-11 23:11:27,286:INFO:Importing libraries
2024-04-11 23:11:27,286:INFO:Copying training dataset
2024-04-11 23:11:27,323:INFO:Defining folds
2024-04-11 23:11:27,323:INFO:Declaring metric variables
2024-04-11 23:11:27,325:INFO:Importing untrained model
2024-04-11 23:11:27,327:INFO:Orthogonal Matching Pursuit Imported successfully
2024-04-11 23:11:27,330:INFO:Starting cross validation
2024-04-11 23:11:27,331:INFO:Cross validating with KFold(n_splits=10, random_state=None, shuffle=False), n_jobs=-1
2024-04-11 23:11:27,519:INFO:Calculating mean and std
2024-04-11 23:11:27,520:INFO:Creating metrics dataframe
2024-04-11 23:11:27,521:INFO:Uploading results into container
2024-04-11 23:11:27,522:INFO:Uploading model into container now
2024-04-11 23:11:27,522:INFO:_master_model_container: 7
2024-04-11 23:11:27,522:INFO:_display_container: 2
2024-04-11 23:11:27,522:INFO:OrthogonalMatchingPursuit()
2024-04-11 23:11:27,522:INFO:create_model() successfully completed......................................
2024-04-11 23:11:27,626:INFO:SubProcess create_model() end ==================================
2024-04-11 23:11:27,628:INFO:Creating metrics dataframe
2024-04-11 23:11:27,633:INFO:Initializing Bayesian Ridge
2024-04-11 23:11:27,633:INFO:Total runtime is 0.16424741347630817 minutes
2024-04-11 23:11:27,635:INFO:SubProcess create_model() called ==================================
2024-04-11 23:11:27,635:INFO:Initializing create_model()
2024-04-11 23:11:27,635:INFO:create_model(self=<pycaret.regression.oop.RegressionExperiment object at 0x0000026A80331CC0>, estimator=br, fold=KFold(n_splits=10, random_state=None, shuffle=False), round=4, cross_validation=True, predict=True, fit_kwargs={}, groups=None, refit=False, probability_threshold=None, experiment_custom_tags=None, verbose=False, system=False, add_to_model_list=True, metrics=None, display=<pycaret.internal.display.display.CommonDisplay object at 0x0000026AFE338D60>, model_only=True, return_train_score=False, error_score=0.0, kwargs={})
2024-04-11 23:11:27,635:INFO:Checking exceptions
2024-04-11 23:11:27,635:INFO:Importing libraries
2024-04-11 23:11:27,635:INFO:Copying training dataset
2024-04-11 23:11:27,671:INFO:Defining folds
2024-04-11 23:11:27,671:INFO:Declaring metric variables
2024-04-11 23:11:27,673:INFO:Importing untrained model
2024-04-11 23:11:27,674:INFO:Bayesian Ridge Imported successfully
2024-04-11 23:11:27,678:INFO:Starting cross validation
2024-04-11 23:11:27,679:INFO:Cross validating with KFold(n_splits=10, random_state=None, shuffle=False), n_jobs=-1
2024-04-11 23:11:27,897:INFO:Calculating mean and std
2024-04-11 23:11:27,898:INFO:Creating metrics dataframe
2024-04-11 23:11:27,899:INFO:Uploading results into container
2024-04-11 23:11:27,899:INFO:Uploading model into container now
2024-04-11 23:11:27,900:INFO:_master_model_container: 8
2024-04-11 23:11:27,900:INFO:_display_container: 2
2024-04-11 23:11:27,900:INFO:BayesianRidge()
2024-04-11 23:11:27,900:INFO:create_model() successfully completed......................................
2024-04-11 23:11:28,004:INFO:SubProcess create_model() end ==================================
2024-04-11 23:11:28,005:INFO:Creating metrics dataframe
2024-04-11 23:11:28,010:INFO:Initializing Passive Aggressive Regressor
2024-04-11 23:11:28,010:INFO:Total runtime is 0.1705344239870707 minutes
2024-04-11 23:11:28,012:INFO:SubProcess create_model() called ==================================
2024-04-11 23:11:28,013:INFO:Initializing create_model()
2024-04-11 23:11:28,013:INFO:create_model(self=<pycaret.regression.oop.RegressionExperiment object at 0x0000026A80331CC0>, estimator=par, fold=KFold(n_splits=10, random_state=None, shuffle=False), round=4, cross_validation=True, predict=True, fit_kwargs={}, groups=None, refit=False, probability_threshold=None, experiment_custom_tags=None, verbose=False, system=False, add_to_model_list=True, metrics=None, display=<pycaret.internal.display.display.CommonDisplay object at 0x0000026AFE338D60>, model_only=True, return_train_score=False, error_score=0.0, kwargs={})
2024-04-11 23:11:28,013:INFO:Checking exceptions
2024-04-11 23:11:28,013:INFO:Importing libraries
2024-04-11 23:11:28,013:INFO:Copying training dataset
2024-04-11 23:11:28,048:INFO:Defining folds
2024-04-11 23:11:28,048:INFO:Declaring metric variables
2024-04-11 23:11:28,050:INFO:Importing untrained model
2024-04-11 23:11:28,053:INFO:Passive Aggressive Regressor Imported successfully
2024-04-11 23:11:28,056:INFO:Starting cross validation
2024-04-11 23:11:28,057:INFO:Cross validating with KFold(n_splits=10, random_state=None, shuffle=False), n_jobs=-1
2024-04-11 23:11:28,258:INFO:Calculating mean and std
2024-04-11 23:11:28,259:INFO:Creating metrics dataframe
2024-04-11 23:11:28,260:INFO:Uploading results into container
2024-04-11 23:11:28,261:INFO:Uploading model into container now
2024-04-11 23:11:28,261:INFO:_master_model_container: 9
2024-04-11 23:11:28,261:INFO:_display_container: 2
2024-04-11 23:11:28,261:INFO:PassiveAggressiveRegressor(random_state=269)
2024-04-11 23:11:28,261:INFO:create_model() successfully completed......................................
2024-04-11 23:11:28,373:INFO:SubProcess create_model() end ==================================
2024-04-11 23:11:28,373:INFO:Creating metrics dataframe
2024-04-11 23:11:28,379:INFO:Initializing Huber Regressor
2024-04-11 23:11:28,379:INFO:Total runtime is 0.17668138742446896 minutes
2024-04-11 23:11:28,381:INFO:SubProcess create_model() called ==================================
2024-04-11 23:11:28,381:INFO:Initializing create_model()
2024-04-11 23:11:28,381:INFO:create_model(self=<pycaret.regression.oop.RegressionExperiment object at 0x0000026A80331CC0>, estimator=huber, fold=KFold(n_splits=10, random_state=None, shuffle=False), round=4, cross_validation=True, predict=True, fit_kwargs={}, groups=None, refit=False, probability_threshold=None, experiment_custom_tags=None, verbose=False, system=False, add_to_model_list=True, metrics=None, display=<pycaret.internal.display.display.CommonDisplay object at 0x0000026AFE338D60>, model_only=True, return_train_score=False, error_score=0.0, kwargs={})
2024-04-11 23:11:28,381:INFO:Checking exceptions
2024-04-11 23:11:28,381:INFO:Importing libraries
2024-04-11 23:11:28,381:INFO:Copying training dataset
2024-04-11 23:11:28,421:INFO:Defining folds
2024-04-11 23:11:28,421:INFO:Declaring metric variables
2024-04-11 23:11:28,424:INFO:Importing untrained model
2024-04-11 23:11:28,426:INFO:Huber Regressor Imported successfully
2024-04-11 23:11:28,429:INFO:Starting cross validation
2024-04-11 23:11:28,430:INFO:Cross validating with KFold(n_splits=10, random_state=None, shuffle=False), n_jobs=-1
2024-04-11 23:11:29,769:WARNING:c:\Users\Peter\AppData\Local\Programs\Python\Python310\lib\site-packages\sklearn\linear_model\_huber.py:342: ConvergenceWarning: lbfgs failed to converge (status=1):
STOP: TOTAL NO. of ITERATIONS REACHED LIMIT.

Increase the number of iterations (max_iter) or scale the data as shown in:
    https://scikit-learn.org/stable/modules/preprocessing.html
  self.n_iter_ = _check_optimize_result("lbfgs", opt_res, self.max_iter)

2024-04-11 23:11:29,830:WARNING:c:\Users\Peter\AppData\Local\Programs\Python\Python310\lib\site-packages\sklearn\linear_model\_huber.py:342: ConvergenceWarning: lbfgs failed to converge (status=1):
STOP: TOTAL NO. of ITERATIONS REACHED LIMIT.

Increase the number of iterations (max_iter) or scale the data as shown in:
    https://scikit-learn.org/stable/modules/preprocessing.html
  self.n_iter_ = _check_optimize_result("lbfgs", opt_res, self.max_iter)

2024-04-11 23:11:30,072:WARNING:c:\Users\Peter\AppData\Local\Programs\Python\Python310\lib\site-packages\sklearn\linear_model\_huber.py:342: ConvergenceWarning: lbfgs failed to converge (status=1):
STOP: TOTAL NO. of ITERATIONS REACHED LIMIT.

Increase the number of iterations (max_iter) or scale the data as shown in:
    https://scikit-learn.org/stable/modules/preprocessing.html
  self.n_iter_ = _check_optimize_result("lbfgs", opt_res, self.max_iter)

2024-04-11 23:11:30,127:WARNING:c:\Users\Peter\AppData\Local\Programs\Python\Python310\lib\site-packages\sklearn\linear_model\_huber.py:342: ConvergenceWarning: lbfgs failed to converge (status=1):
STOP: TOTAL NO. of ITERATIONS REACHED LIMIT.

Increase the number of iterations (max_iter) or scale the data as shown in:
    https://scikit-learn.org/stable/modules/preprocessing.html
  self.n_iter_ = _check_optimize_result("lbfgs", opt_res, self.max_iter)

2024-04-11 23:11:30,147:WARNING:c:\Users\Peter\AppData\Local\Programs\Python\Python310\lib\site-packages\sklearn\linear_model\_huber.py:342: ConvergenceWarning: lbfgs failed to converge (status=1):
STOP: TOTAL NO. of ITERATIONS REACHED LIMIT.

Increase the number of iterations (max_iter) or scale the data as shown in:
    https://scikit-learn.org/stable/modules/preprocessing.html
  self.n_iter_ = _check_optimize_result("lbfgs", opt_res, self.max_iter)

2024-04-11 23:11:30,182:WARNING:c:\Users\Peter\AppData\Local\Programs\Python\Python310\lib\site-packages\sklearn\linear_model\_huber.py:342: ConvergenceWarning: lbfgs failed to converge (status=1):
STOP: TOTAL NO. of ITERATIONS REACHED LIMIT.

Increase the number of iterations (max_iter) or scale the data as shown in:
    https://scikit-learn.org/stable/modules/preprocessing.html
  self.n_iter_ = _check_optimize_result("lbfgs", opt_res, self.max_iter)

2024-04-11 23:11:30,194:WARNING:c:\Users\Peter\AppData\Local\Programs\Python\Python310\lib\site-packages\sklearn\linear_model\_huber.py:342: ConvergenceWarning: lbfgs failed to converge (status=1):
STOP: TOTAL NO. of ITERATIONS REACHED LIMIT.

Increase the number of iterations (max_iter) or scale the data as shown in:
    https://scikit-learn.org/stable/modules/preprocessing.html
  self.n_iter_ = _check_optimize_result("lbfgs", opt_res, self.max_iter)

2024-04-11 23:11:30,201:WARNING:c:\Users\Peter\AppData\Local\Programs\Python\Python310\lib\site-packages\sklearn\linear_model\_huber.py:342: ConvergenceWarning: lbfgs failed to converge (status=1):
STOP: TOTAL NO. of ITERATIONS REACHED LIMIT.

Increase the number of iterations (max_iter) or scale the data as shown in:
    https://scikit-learn.org/stable/modules/preprocessing.html
  self.n_iter_ = _check_optimize_result("lbfgs", opt_res, self.max_iter)

2024-04-11 23:11:30,208:WARNING:c:\Users\Peter\AppData\Local\Programs\Python\Python310\lib\site-packages\sklearn\linear_model\_huber.py:342: ConvergenceWarning: lbfgs failed to converge (status=1):
STOP: TOTAL NO. of ITERATIONS REACHED LIMIT.

Increase the number of iterations (max_iter) or scale the data as shown in:
    https://scikit-learn.org/stable/modules/preprocessing.html
  self.n_iter_ = _check_optimize_result("lbfgs", opt_res, self.max_iter)

2024-04-11 23:11:30,222:INFO:Calculating mean and std
2024-04-11 23:11:30,223:INFO:Creating metrics dataframe
2024-04-11 23:11:30,225:INFO:Uploading results into container
2024-04-11 23:11:30,225:INFO:Uploading model into container now
2024-04-11 23:11:30,225:INFO:_master_model_container: 10
2024-04-11 23:11:30,225:INFO:_display_container: 2
2024-04-11 23:11:30,226:INFO:HuberRegressor()
2024-04-11 23:11:30,226:INFO:create_model() successfully completed......................................
2024-04-11 23:11:30,348:INFO:SubProcess create_model() end ==================================
2024-04-11 23:11:30,348:INFO:Creating metrics dataframe
2024-04-11 23:11:30,354:INFO:Initializing K Neighbors Regressor
2024-04-11 23:11:30,354:INFO:Total runtime is 0.209599757194519 minutes
2024-04-11 23:11:30,356:INFO:SubProcess create_model() called ==================================
2024-04-11 23:11:30,357:INFO:Initializing create_model()
2024-04-11 23:11:30,357:INFO:create_model(self=<pycaret.regression.oop.RegressionExperiment object at 0x0000026A80331CC0>, estimator=knn, fold=KFold(n_splits=10, random_state=None, shuffle=False), round=4, cross_validation=True, predict=True, fit_kwargs={}, groups=None, refit=False, probability_threshold=None, experiment_custom_tags=None, verbose=False, system=False, add_to_model_list=True, metrics=None, display=<pycaret.internal.display.display.CommonDisplay object at 0x0000026AFE338D60>, model_only=True, return_train_score=False, error_score=0.0, kwargs={})
2024-04-11 23:11:30,357:INFO:Checking exceptions
2024-04-11 23:11:30,357:INFO:Importing libraries
2024-04-11 23:11:30,357:INFO:Copying training dataset
2024-04-11 23:11:30,397:INFO:Defining folds
2024-04-11 23:11:30,397:INFO:Declaring metric variables
2024-04-11 23:11:30,400:INFO:Importing untrained model
2024-04-11 23:11:30,402:INFO:K Neighbors Regressor Imported successfully
2024-04-11 23:11:30,405:INFO:Starting cross validation
2024-04-11 23:11:30,406:INFO:Cross validating with KFold(n_splits=10, random_state=None, shuffle=False), n_jobs=-1
2024-04-11 23:11:30,727:INFO:Calculating mean and std
2024-04-11 23:11:30,729:INFO:Creating metrics dataframe
2024-04-11 23:11:30,730:INFO:Uploading results into container
2024-04-11 23:11:30,730:INFO:Uploading model into container now
2024-04-11 23:11:30,730:INFO:_master_model_container: 11
2024-04-11 23:11:30,731:INFO:_display_container: 2
2024-04-11 23:11:30,731:INFO:KNeighborsRegressor(n_jobs=-1)
2024-04-11 23:11:30,731:INFO:create_model() successfully completed......................................
2024-04-11 23:11:30,850:INFO:SubProcess create_model() end ==================================
2024-04-11 23:11:30,850:INFO:Creating metrics dataframe
2024-04-11 23:11:30,857:INFO:Initializing Decision Tree Regressor
2024-04-11 23:11:30,857:INFO:Total runtime is 0.2179812947909037 minutes
2024-04-11 23:11:30,858:INFO:SubProcess create_model() called ==================================
2024-04-11 23:11:30,859:INFO:Initializing create_model()
2024-04-11 23:11:30,859:INFO:create_model(self=<pycaret.regression.oop.RegressionExperiment object at 0x0000026A80331CC0>, estimator=dt, fold=KFold(n_splits=10, random_state=None, shuffle=False), round=4, cross_validation=True, predict=True, fit_kwargs={}, groups=None, refit=False, probability_threshold=None, experiment_custom_tags=None, verbose=False, system=False, add_to_model_list=True, metrics=None, display=<pycaret.internal.display.display.CommonDisplay object at 0x0000026AFE338D60>, model_only=True, return_train_score=False, error_score=0.0, kwargs={})
2024-04-11 23:11:30,859:INFO:Checking exceptions
2024-04-11 23:11:30,859:INFO:Importing libraries
2024-04-11 23:11:30,859:INFO:Copying training dataset
2024-04-11 23:11:30,901:INFO:Defining folds
2024-04-11 23:11:30,901:INFO:Declaring metric variables
2024-04-11 23:11:30,905:INFO:Importing untrained model
2024-04-11 23:11:30,907:INFO:Decision Tree Regressor Imported successfully
2024-04-11 23:11:30,910:INFO:Starting cross validation
2024-04-11 23:11:30,912:INFO:Cross validating with KFold(n_splits=10, random_state=None, shuffle=False), n_jobs=-1
2024-04-11 23:11:31,295:INFO:Calculating mean and std
2024-04-11 23:11:31,296:INFO:Creating metrics dataframe
2024-04-11 23:11:31,297:INFO:Uploading results into container
2024-04-11 23:11:31,298:INFO:Uploading model into container now
2024-04-11 23:11:31,298:INFO:_master_model_container: 12
2024-04-11 23:11:31,298:INFO:_display_container: 2
2024-04-11 23:11:31,298:INFO:DecisionTreeRegressor(random_state=269)
2024-04-11 23:11:31,298:INFO:create_model() successfully completed......................................
2024-04-11 23:11:31,403:INFO:SubProcess create_model() end ==================================
2024-04-11 23:11:31,403:INFO:Creating metrics dataframe
2024-04-11 23:11:31,409:INFO:Initializing Random Forest Regressor
2024-04-11 23:11:31,409:INFO:Total runtime is 0.2271869858105977 minutes
2024-04-11 23:11:31,411:INFO:SubProcess create_model() called ==================================
2024-04-11 23:11:31,411:INFO:Initializing create_model()
2024-04-11 23:11:31,411:INFO:create_model(self=<pycaret.regression.oop.RegressionExperiment object at 0x0000026A80331CC0>, estimator=rf, fold=KFold(n_splits=10, random_state=None, shuffle=False), round=4, cross_validation=True, predict=True, fit_kwargs={}, groups=None, refit=False, probability_threshold=None, experiment_custom_tags=None, verbose=False, system=False, add_to_model_list=True, metrics=None, display=<pycaret.internal.display.display.CommonDisplay object at 0x0000026AFE338D60>, model_only=True, return_train_score=False, error_score=0.0, kwargs={})
2024-04-11 23:11:31,411:INFO:Checking exceptions
2024-04-11 23:11:31,411:INFO:Importing libraries
2024-04-11 23:11:31,411:INFO:Copying training dataset
2024-04-11 23:11:31,447:INFO:Defining folds
2024-04-11 23:11:31,447:INFO:Declaring metric variables
2024-04-11 23:11:31,449:INFO:Importing untrained model
2024-04-11 23:11:31,451:INFO:Random Forest Regressor Imported successfully
2024-04-11 23:11:31,453:INFO:Starting cross validation
2024-04-11 23:11:31,455:INFO:Cross validating with KFold(n_splits=10, random_state=None, shuffle=False), n_jobs=-1
2024-04-11 23:11:40,202:INFO:Calculating mean and std
2024-04-11 23:11:40,203:INFO:Creating metrics dataframe
2024-04-11 23:11:40,205:INFO:Uploading results into container
2024-04-11 23:11:40,205:INFO:Uploading model into container now
2024-04-11 23:11:40,205:INFO:_master_model_container: 13
2024-04-11 23:11:40,205:INFO:_display_container: 2
2024-04-11 23:11:40,206:INFO:RandomForestRegressor(n_jobs=-1, random_state=269)
2024-04-11 23:11:40,206:INFO:create_model() successfully completed......................................
2024-04-11 23:11:40,313:INFO:SubProcess create_model() end ==================================
2024-04-11 23:11:40,313:INFO:Creating metrics dataframe
2024-04-11 23:11:40,318:INFO:Initializing Extra Trees Regressor
2024-04-11 23:11:40,319:INFO:Total runtime is 0.37569302320480347 minutes
2024-04-11 23:11:40,320:INFO:SubProcess create_model() called ==================================
2024-04-11 23:11:40,320:INFO:Initializing create_model()
2024-04-11 23:11:40,320:INFO:create_model(self=<pycaret.regression.oop.RegressionExperiment object at 0x0000026A80331CC0>, estimator=et, fold=KFold(n_splits=10, random_state=None, shuffle=False), round=4, cross_validation=True, predict=True, fit_kwargs={}, groups=None, refit=False, probability_threshold=None, experiment_custom_tags=None, verbose=False, system=False, add_to_model_list=True, metrics=None, display=<pycaret.internal.display.display.CommonDisplay object at 0x0000026AFE338D60>, model_only=True, return_train_score=False, error_score=0.0, kwargs={})
2024-04-11 23:11:40,321:INFO:Checking exceptions
2024-04-11 23:11:40,321:INFO:Importing libraries
2024-04-11 23:11:40,321:INFO:Copying training dataset
2024-04-11 23:11:40,357:INFO:Defining folds
2024-04-11 23:11:40,358:INFO:Declaring metric variables
2024-04-11 23:11:40,360:INFO:Importing untrained model
2024-04-11 23:11:40,362:INFO:Extra Trees Regressor Imported successfully
2024-04-11 23:11:40,366:INFO:Starting cross validation
2024-04-11 23:11:40,367:INFO:Cross validating with KFold(n_splits=10, random_state=None, shuffle=False), n_jobs=-1
2024-04-11 23:11:45,690:INFO:Calculating mean and std
2024-04-11 23:11:45,691:INFO:Creating metrics dataframe
2024-04-11 23:11:45,693:INFO:Uploading results into container
2024-04-11 23:11:45,693:INFO:Uploading model into container now
2024-04-11 23:11:45,694:INFO:_master_model_container: 14
2024-04-11 23:11:45,694:INFO:_display_container: 2
2024-04-11 23:11:45,694:INFO:ExtraTreesRegressor(n_jobs=-1, random_state=269)
2024-04-11 23:11:45,694:INFO:create_model() successfully completed......................................
2024-04-11 23:11:45,803:INFO:SubProcess create_model() end ==================================
2024-04-11 23:11:45,803:INFO:Creating metrics dataframe
2024-04-11 23:11:45,809:INFO:Initializing AdaBoost Regressor
2024-04-11 23:11:45,809:INFO:Total runtime is 0.46718542973200483 minutes
2024-04-11 23:11:45,811:INFO:SubProcess create_model() called ==================================
2024-04-11 23:11:45,811:INFO:Initializing create_model()
2024-04-11 23:11:45,811:INFO:create_model(self=<pycaret.regression.oop.RegressionExperiment object at 0x0000026A80331CC0>, estimator=ada, fold=KFold(n_splits=10, random_state=None, shuffle=False), round=4, cross_validation=True, predict=True, fit_kwargs={}, groups=None, refit=False, probability_threshold=None, experiment_custom_tags=None, verbose=False, system=False, add_to_model_list=True, metrics=None, display=<pycaret.internal.display.display.CommonDisplay object at 0x0000026AFE338D60>, model_only=True, return_train_score=False, error_score=0.0, kwargs={})
2024-04-11 23:11:45,811:INFO:Checking exceptions
2024-04-11 23:11:45,811:INFO:Importing libraries
2024-04-11 23:11:45,811:INFO:Copying training dataset
2024-04-11 23:11:45,847:INFO:Defining folds
2024-04-11 23:11:45,847:INFO:Declaring metric variables
2024-04-11 23:11:45,849:INFO:Importing untrained model
2024-04-11 23:11:45,851:INFO:AdaBoost Regressor Imported successfully
2024-04-11 23:11:45,855:INFO:Starting cross validation
2024-04-11 23:11:45,856:INFO:Cross validating with KFold(n_splits=10, random_state=None, shuffle=False), n_jobs=-1
2024-04-11 23:11:47,377:INFO:Calculating mean and std
2024-04-11 23:11:47,378:INFO:Creating metrics dataframe
2024-04-11 23:11:47,380:INFO:Uploading results into container
2024-04-11 23:11:47,380:INFO:Uploading model into container now
2024-04-11 23:11:47,380:INFO:_master_model_container: 15
2024-04-11 23:11:47,380:INFO:_display_container: 2
2024-04-11 23:11:47,381:INFO:AdaBoostRegressor(random_state=269)
2024-04-11 23:11:47,381:INFO:create_model() successfully completed......................................
2024-04-11 23:11:47,489:INFO:SubProcess create_model() end ==================================
2024-04-11 23:11:47,489:INFO:Creating metrics dataframe
2024-04-11 23:11:47,496:INFO:Initializing Gradient Boosting Regressor
2024-04-11 23:11:47,496:INFO:Total runtime is 0.4952994902928671 minutes
2024-04-11 23:11:47,498:INFO:SubProcess create_model() called ==================================
2024-04-11 23:11:47,498:INFO:Initializing create_model()
2024-04-11 23:11:47,498:INFO:create_model(self=<pycaret.regression.oop.RegressionExperiment object at 0x0000026A80331CC0>, estimator=gbr, fold=KFold(n_splits=10, random_state=None, shuffle=False), round=4, cross_validation=True, predict=True, fit_kwargs={}, groups=None, refit=False, probability_threshold=None, experiment_custom_tags=None, verbose=False, system=False, add_to_model_list=True, metrics=None, display=<pycaret.internal.display.display.CommonDisplay object at 0x0000026AFE338D60>, model_only=True, return_train_score=False, error_score=0.0, kwargs={})
2024-04-11 23:11:47,498:INFO:Checking exceptions
2024-04-11 23:11:47,498:INFO:Importing libraries
2024-04-11 23:11:47,498:INFO:Copying training dataset
2024-04-11 23:11:47,539:INFO:Defining folds
2024-04-11 23:11:47,540:INFO:Declaring metric variables
2024-04-11 23:11:47,542:INFO:Importing untrained model
2024-04-11 23:11:47,544:INFO:Gradient Boosting Regressor Imported successfully
2024-04-11 23:11:47,550:INFO:Starting cross validation
2024-04-11 23:11:47,552:INFO:Cross validating with KFold(n_splits=10, random_state=None, shuffle=False), n_jobs=-1
2024-04-11 23:11:51,143:INFO:Calculating mean and std
2024-04-11 23:11:51,144:INFO:Creating metrics dataframe
2024-04-11 23:11:51,145:INFO:Uploading results into container
2024-04-11 23:11:51,146:INFO:Uploading model into container now
2024-04-11 23:11:51,146:INFO:_master_model_container: 16
2024-04-11 23:11:51,146:INFO:_display_container: 2
2024-04-11 23:11:51,147:INFO:GradientBoostingRegressor(random_state=269)
2024-04-11 23:11:51,147:INFO:create_model() successfully completed......................................
2024-04-11 23:11:51,260:INFO:SubProcess create_model() end ==================================
2024-04-11 23:11:51,261:INFO:Creating metrics dataframe
2024-04-11 23:11:51,268:INFO:Initializing Extreme Gradient Boosting
2024-04-11 23:11:51,268:INFO:Total runtime is 0.558164926369985 minutes
2024-04-11 23:11:51,270:INFO:SubProcess create_model() called ==================================
2024-04-11 23:11:51,271:INFO:Initializing create_model()
2024-04-11 23:11:51,271:INFO:create_model(self=<pycaret.regression.oop.RegressionExperiment object at 0x0000026A80331CC0>, estimator=xgboost, fold=KFold(n_splits=10, random_state=None, shuffle=False), round=4, cross_validation=True, predict=True, fit_kwargs={}, groups=None, refit=False, probability_threshold=None, experiment_custom_tags=None, verbose=False, system=False, add_to_model_list=True, metrics=None, display=<pycaret.internal.display.display.CommonDisplay object at 0x0000026AFE338D60>, model_only=True, return_train_score=False, error_score=0.0, kwargs={})
2024-04-11 23:11:51,271:INFO:Checking exceptions
2024-04-11 23:11:51,271:INFO:Importing libraries
2024-04-11 23:11:51,271:INFO:Copying training dataset
2024-04-11 23:11:51,314:INFO:Defining folds
2024-04-11 23:11:51,315:INFO:Declaring metric variables
2024-04-11 23:11:51,317:INFO:Importing untrained model
2024-04-11 23:11:51,320:INFO:Extreme Gradient Boosting Imported successfully
2024-04-11 23:11:51,323:INFO:Starting cross validation
2024-04-11 23:11:51,325:INFO:Cross validating with KFold(n_splits=10, random_state=None, shuffle=False), n_jobs=-1
2024-04-11 23:11:54,741:INFO:Calculating mean and std
2024-04-11 23:11:54,742:INFO:Creating metrics dataframe
2024-04-11 23:11:54,743:INFO:Uploading results into container
2024-04-11 23:11:54,744:INFO:Uploading model into container now
2024-04-11 23:11:54,744:INFO:_master_model_container: 17
2024-04-11 23:11:54,744:INFO:_display_container: 2
2024-04-11 23:11:54,745:INFO:XGBRegressor(base_score=None, booster='gbtree', callbacks=None,
             colsample_bylevel=None, colsample_bynode=None,
             colsample_bytree=None, device='cpu', early_stopping_rounds=None,
             enable_categorical=False, eval_metric=None, feature_types=None,
             gamma=None, grow_policy=None, importance_type=None,
             interaction_constraints=None, learning_rate=None, max_bin=None,
             max_cat_threshold=None, max_cat_to_onehot=None,
             max_delta_step=None, max_depth=None, max_leaves=None,
             min_child_weight=None, missing=nan, monotone_constraints=None,
             multi_strategy=None, n_estimators=None, n_jobs=-1,
             num_parallel_tree=None, random_state=269, ...)
2024-04-11 23:11:54,745:INFO:create_model() successfully completed......................................
2024-04-11 23:11:54,851:INFO:SubProcess create_model() end ==================================
2024-04-11 23:11:54,851:INFO:Creating metrics dataframe
2024-04-11 23:11:54,857:INFO:Initializing Light Gradient Boosting Machine
2024-04-11 23:11:54,857:INFO:Total runtime is 0.6179944833119712 minutes
2024-04-11 23:11:54,859:INFO:SubProcess create_model() called ==================================
2024-04-11 23:11:54,859:INFO:Initializing create_model()
2024-04-11 23:11:54,859:INFO:create_model(self=<pycaret.regression.oop.RegressionExperiment object at 0x0000026A80331CC0>, estimator=lightgbm, fold=KFold(n_splits=10, random_state=None, shuffle=False), round=4, cross_validation=True, predict=True, fit_kwargs={}, groups=None, refit=False, probability_threshold=None, experiment_custom_tags=None, verbose=False, system=False, add_to_model_list=True, metrics=None, display=<pycaret.internal.display.display.CommonDisplay object at 0x0000026AFE338D60>, model_only=True, return_train_score=False, error_score=0.0, kwargs={})
2024-04-11 23:11:54,859:INFO:Checking exceptions
2024-04-11 23:11:54,859:INFO:Importing libraries
2024-04-11 23:11:54,860:INFO:Copying training dataset
2024-04-11 23:11:54,899:INFO:Defining folds
2024-04-11 23:11:54,899:INFO:Declaring metric variables
2024-04-11 23:11:54,901:INFO:Importing untrained model
2024-04-11 23:11:54,904:INFO:Light Gradient Boosting Machine Imported successfully
2024-04-11 23:11:54,908:INFO:Starting cross validation
2024-04-11 23:11:54,909:INFO:Cross validating with KFold(n_splits=10, random_state=None, shuffle=False), n_jobs=-1
2024-04-11 23:11:57,116:INFO:Calculating mean and std
2024-04-11 23:11:57,117:INFO:Creating metrics dataframe
2024-04-11 23:11:57,119:INFO:Uploading results into container
2024-04-11 23:11:57,120:INFO:Uploading model into container now
2024-04-11 23:11:57,120:INFO:_master_model_container: 18
2024-04-11 23:11:57,120:INFO:_display_container: 2
2024-04-11 23:11:57,120:INFO:LGBMRegressor(n_jobs=-1, random_state=269)
2024-04-11 23:11:57,121:INFO:create_model() successfully completed......................................
2024-04-11 23:11:57,255:INFO:SubProcess create_model() end ==================================
2024-04-11 23:11:57,255:INFO:Creating metrics dataframe
2024-04-11 23:11:57,262:INFO:Initializing CatBoost Regressor
2024-04-11 23:11:57,262:INFO:Total runtime is 0.6580787658691407 minutes
2024-04-11 23:11:57,264:INFO:SubProcess create_model() called ==================================
2024-04-11 23:11:57,264:INFO:Initializing create_model()
2024-04-11 23:11:57,264:INFO:create_model(self=<pycaret.regression.oop.RegressionExperiment object at 0x0000026A80331CC0>, estimator=catboost, fold=KFold(n_splits=10, random_state=None, shuffle=False), round=4, cross_validation=True, predict=True, fit_kwargs={}, groups=None, refit=False, probability_threshold=None, experiment_custom_tags=None, verbose=False, system=False, add_to_model_list=True, metrics=None, display=<pycaret.internal.display.display.CommonDisplay object at 0x0000026AFE338D60>, model_only=True, return_train_score=False, error_score=0.0, kwargs={})
2024-04-11 23:11:57,264:INFO:Checking exceptions
2024-04-11 23:11:57,264:INFO:Importing libraries
2024-04-11 23:11:57,264:INFO:Copying training dataset
2024-04-11 23:11:57,302:INFO:Defining folds
2024-04-11 23:11:57,302:INFO:Declaring metric variables
2024-04-11 23:11:57,304:INFO:Importing untrained model
2024-04-11 23:11:57,306:INFO:CatBoost Regressor Imported successfully
2024-04-11 23:11:57,309:INFO:Starting cross validation
2024-04-11 23:11:57,311:INFO:Cross validating with KFold(n_splits=10, random_state=None, shuffle=False), n_jobs=-1
2024-04-11 23:12:57,581:INFO:Calculating mean and std
2024-04-11 23:12:57,584:INFO:Creating metrics dataframe
2024-04-11 23:12:57,585:INFO:Uploading results into container
2024-04-11 23:12:57,586:INFO:Uploading model into container now
2024-04-11 23:12:57,586:INFO:_master_model_container: 19
2024-04-11 23:12:57,586:INFO:_display_container: 2
2024-04-11 23:12:57,586:INFO:<catboost.core.CatBoostRegressor object at 0x0000026A8107E230>
2024-04-11 23:12:57,586:INFO:create_model() successfully completed......................................
2024-04-11 23:12:57,719:INFO:SubProcess create_model() end ==================================
2024-04-11 23:12:57,719:INFO:Creating metrics dataframe
2024-04-11 23:12:57,728:INFO:Initializing Dummy Regressor
2024-04-11 23:12:57,728:INFO:Total runtime is 1.6658314625422161 minutes
2024-04-11 23:12:57,730:INFO:SubProcess create_model() called ==================================
2024-04-11 23:12:57,731:INFO:Initializing create_model()
2024-04-11 23:12:57,731:INFO:create_model(self=<pycaret.regression.oop.RegressionExperiment object at 0x0000026A80331CC0>, estimator=dummy, fold=KFold(n_splits=10, random_state=None, shuffle=False), round=4, cross_validation=True, predict=True, fit_kwargs={}, groups=None, refit=False, probability_threshold=None, experiment_custom_tags=None, verbose=False, system=False, add_to_model_list=True, metrics=None, display=<pycaret.internal.display.display.CommonDisplay object at 0x0000026AFE338D60>, model_only=True, return_train_score=False, error_score=0.0, kwargs={})
2024-04-11 23:12:57,731:INFO:Checking exceptions
2024-04-11 23:12:57,731:INFO:Importing libraries
2024-04-11 23:12:57,731:INFO:Copying training dataset
2024-04-11 23:12:57,777:INFO:Defining folds
2024-04-11 23:12:57,777:INFO:Declaring metric variables
2024-04-11 23:12:57,779:INFO:Importing untrained model
2024-04-11 23:12:57,781:INFO:Dummy Regressor Imported successfully
2024-04-11 23:12:57,784:INFO:Starting cross validation
2024-04-11 23:12:57,785:INFO:Cross validating with KFold(n_splits=10, random_state=None, shuffle=False), n_jobs=-1
2024-04-11 23:12:57,975:INFO:Calculating mean and std
2024-04-11 23:12:57,976:INFO:Creating metrics dataframe
2024-04-11 23:12:57,977:INFO:Uploading results into container
2024-04-11 23:12:57,978:INFO:Uploading model into container now
2024-04-11 23:12:57,978:INFO:_master_model_container: 20
2024-04-11 23:12:57,978:INFO:_display_container: 2
2024-04-11 23:12:57,978:INFO:DummyRegressor()
2024-04-11 23:12:57,978:INFO:create_model() successfully completed......................................
2024-04-11 23:12:58,082:INFO:SubProcess create_model() end ==================================
2024-04-11 23:12:58,082:INFO:Creating metrics dataframe
2024-04-11 23:12:58,096:INFO:Initializing create_model()
2024-04-11 23:12:58,096:INFO:create_model(self=<pycaret.regression.oop.RegressionExperiment object at 0x0000026A80331CC0>, estimator=<catboost.core.CatBoostRegressor object at 0x0000026A8107E230>, fold=KFold(n_splits=10, random_state=None, shuffle=False), round=4, cross_validation=False, predict=False, fit_kwargs={}, groups=None, refit=True, probability_threshold=None, experiment_custom_tags=None, verbose=False, system=False, add_to_model_list=True, metrics=None, display=None, model_only=True, return_train_score=False, error_score=0.0, kwargs={})
2024-04-11 23:12:58,096:INFO:Checking exceptions
2024-04-11 23:12:58,097:INFO:Importing libraries
2024-04-11 23:12:58,098:INFO:Copying training dataset
2024-04-11 23:12:58,132:INFO:Defining folds
2024-04-11 23:12:58,132:INFO:Declaring metric variables
2024-04-11 23:12:58,133:INFO:Importing untrained model
2024-04-11 23:12:58,133:INFO:Declaring custom model
2024-04-11 23:12:58,133:INFO:CatBoost Regressor Imported successfully
2024-04-11 23:12:58,134:INFO:Cross validation set to False
2024-04-11 23:12:58,134:INFO:Fitting Model
2024-04-11 23:13:05,381:INFO:<catboost.core.CatBoostRegressor object at 0x0000026AF5E62C20>
2024-04-11 23:13:05,381:INFO:create_model() successfully completed......................................
2024-04-11 23:13:05,511:INFO:_master_model_container: 20
2024-04-11 23:13:05,511:INFO:_display_container: 2
2024-04-11 23:13:05,511:INFO:<catboost.core.CatBoostRegressor object at 0x0000026AF5E62C20>
2024-04-11 23:13:05,511:INFO:compare_models() successfully completed......................................
